Debug|Reading config...
Debug|Reading referenced images from 'C:\Users\vovqa\OneDrive\Рабочий стол\MY_RU_2127'
Trace|Loading images for 2 'Background'
Trace|Loading images for 2.1 'Image'
Trace|Loading image 0...
Trace|Image was loaded from file C:\Users\vovqa\OneDrive\Рабочий стол\MY_RU_2127\0000.png
Trace|Loading images for 3 'Time'
Trace|Loading images for 3.1 'TwoDigits'
Trace|Loading images for 3.1.1 'ImageSet'
Trace|Loading image 1...
Trace|Image was loaded from file C:\Users\vovqa\OneDrive\Рабочий стол\MY_RU_2127\0001.png
Trace|Loading image 2...
Trace|Image was loaded from file C:\Users\vovqa\OneDrive\Рабочий стол\MY_RU_2127\0002.png
Trace|Loading image 3...
Trace|Image was loaded from file C:\Users\vovqa\OneDrive\Рабочий стол\MY_RU_2127\0003.png
Trace|Loading image 4...
Trace|Image was loaded from file C:\Users\vovqa\OneDrive\Рабочий стол\MY_RU_2127\0004.png
Trace|Loading image 5...
Trace|Image was loaded from file C:\Users\vovqa\OneDrive\Рабочий стол\MY_RU_2127\0005.png
Trace|Loading image 6...
Trace|Image was loaded from file C:\Users\vovqa\OneDrive\Рабочий стол\MY_RU_2127\0006.png
Trace|Loading image 7...
Trace|Image was loaded from file C:\Users\vovqa\OneDrive\Рабочий стол\MY_RU_2127\0007.png
Trace|Loading image 8...
Trace|Image was loaded from file C:\Users\vovqa\OneDrive\Рабочий стол\MY_RU_2127\0008.png
Trace|Loading image 9...
Trace|Image was loaded from file C:\Users\vovqa\OneDrive\Рабочий стол\MY_RU_2127\0009.png
Trace|Loading image 10...
Trace|Image was loaded from file C:\Users\vovqa\OneDrive\Рабочий стол\MY_RU_2127\0010.png
Trace|Loading images for 3.1.2 'ImageSet'
Trace|Loading images for 3.2 'TwoDigits'
Trace|Loading images for 3.2.1 'ImageSet'
Trace|Loading images for 3.2.2 'ImageSet'
Trace|Loading images for 4 'Activity'
Trace|Loading images for 4.4 'Number'
Trace|Loading images for 4.4.5 'TextAlignment'
Trace|Loading image 11...
Trace|Image was loaded from file C:\Users\vovqa\OneDrive\Рабочий стол\MY_RU_2127\0011.png
Trace|Loading image 12...
Trace|Image was loaded from file C:\Users\vovqa\OneDrive\Рабочий стол\MY_RU_2127\0012.png
Trace|Loading image 13...
Trace|Image was loaded from file C:\Users\vovqa\OneDrive\Рабочий стол\MY_RU_2127\0013.png
Trace|Loading image 14...
Trace|Image was loaded from file C:\Users\vovqa\OneDrive\Рабочий стол\MY_RU_2127\0014.png
Trace|Loading image 15...
Trace|Image was loaded from file C:\Users\vovqa\OneDrive\Рабочий стол\MY_RU_2127\0015.png
Trace|Loading image 16...
Trace|Image was loaded from file C:\Users\vovqa\OneDrive\Рабочий стол\MY_RU_2127\0016.png
Trace|Loading image 17...
Trace|Image was loaded from file C:\Users\vovqa\OneDrive\Рабочий стол\MY_RU_2127\0017.png
Trace|Loading image 18...
Trace|Image was loaded from file C:\Users\vovqa\OneDrive\Рабочий стол\MY_RU_2127\0018.png
Trace|Loading image 19...
Trace|Image was loaded from file C:\Users\vovqa\OneDrive\Рабочий стол\MY_RU_2127\0019.png
Trace|Loading image 20...
Trace|Image was loaded from file C:\Users\vovqa\OneDrive\Рабочий стол\MY_RU_2127\0020.png
Trace|Loading images for 5 'Date'
Trace|Loading images for 5.1 'MonthAndDay'
Trace|Loading images for 5.1.1 'SeparateMonthAndDay'
Trace|Loading images for 5.1.1.1 'Number'
Trace|Loading images for 5.1.1.1.5 'TextAlignment'
Trace|Loading images for 5.1.1.3 'Number'
Trace|Loading images for 5.1.1.3.5 'TextAlignment'
Trace|Loading images for 5.1.3 'Boolean'
Trace|Loading images for 5.1.4 'Boolean'
Trace|Loading images for 5.2 'ImageSet'
Trace|Loading image 21...
Trace|Image was loaded from file C:\Users\vovqa\OneDrive\Рабочий стол\MY_RU_2127\0021.png
Trace|Loading image 22...
Trace|Image was loaded from file C:\Users\vovqa\OneDrive\Рабочий стол\MY_RU_2127\0022.png
Trace|Loading image 23...
Trace|Image was loaded from file C:\Users\vovqa\OneDrive\Рабочий стол\MY_RU_2127\0023.png
Trace|Loading image 24...
Trace|Image was loaded from file C:\Users\vovqa\OneDrive\Рабочий стол\MY_RU_2127\0024.png
Trace|Loading image 25...
Trace|Image was loaded from file C:\Users\vovqa\OneDrive\Рабочий стол\MY_RU_2127\0025.png
Trace|Loading image 26...
Trace|Image was loaded from file C:\Users\vovqa\OneDrive\Рабочий стол\MY_RU_2127\0026.png
Trace|Loading image 27...
Trace|Image was loaded from file C:\Users\vovqa\OneDrive\Рабочий стол\MY_RU_2127\0027.png
Trace|Loading images for 6 'Weather'
Trace|Loading images for 6.1 'WeatherIcon'
Trace|Loading images for 6.1.2 'CustomWeatherIcon'
Trace|Loading image 28...
Trace|Image was loaded from file C:\Users\vovqa\OneDrive\Рабочий стол\MY_RU_2127\0050.png
Trace|Loading image 29...
Trace|Image was loaded from file C:\Users\vovqa\OneDrive\Рабочий стол\MY_RU_2127\0051.png
Trace|Loading image 30...
Trace|Image was loaded from file C:\Users\vovqa\OneDrive\Рабочий стол\MY_RU_2127\0052.png
Trace|Loading image 31...
Trace|Image was loaded from file C:\Users\vovqa\OneDrive\Рабочий стол\MY_RU_2127\0053.png
Trace|Loading image 32...
Trace|Image was loaded from file C:\Users\vovqa\OneDrive\Рабочий стол\MY_RU_2127\0054.png
Trace|Loading image 33...
Trace|Image was loaded from file C:\Users\vovqa\OneDrive\Рабочий стол\MY_RU_2127\0055.png
Trace|Loading image 34...
Trace|Image was loaded from file C:\Users\vovqa\OneDrive\Рабочий стол\MY_RU_2127\0056.png
Trace|Loading image 35...
Trace|Image was loaded from file C:\Users\vovqa\OneDrive\Рабочий стол\MY_RU_2127\0057.png
Trace|Loading image 36...
Trace|Image was loaded from file C:\Users\vovqa\OneDrive\Рабочий стол\MY_RU_2127\0058.png
Trace|Loading image 37...
Trace|Image was loaded from file C:\Users\vovqa\OneDrive\Рабочий стол\MY_RU_2127\0059.png
Trace|Loading image 38...
Trace|Image was loaded from file C:\Users\vovqa\OneDrive\Рабочий стол\MY_RU_2127\0060.png
Trace|Loading image 39...
Trace|Image was loaded from file C:\Users\vovqa\OneDrive\Рабочий стол\MY_RU_2127\0061.png
Trace|Loading image 40...
Trace|Image was loaded from file C:\Users\vovqa\OneDrive\Рабочий стол\MY_RU_2127\0062.png
Trace|Loading image 41...
Trace|Image was loaded from file C:\Users\vovqa\OneDrive\Рабочий стол\MY_RU_2127\0063.png
Trace|Loading image 42...
Trace|Image was loaded from file C:\Users\vovqa\OneDrive\Рабочий стол\MY_RU_2127\0064.png
Trace|Loading image 43...
Trace|Image was loaded from file C:\Users\vovqa\OneDrive\Рабочий стол\MY_RU_2127\0065.png
Trace|Loading image 44...
Trace|Image was loaded from file C:\Users\vovqa\OneDrive\Рабочий стол\MY_RU_2127\0066.png
Trace|Loading image 45...
Trace|Image was loaded from file C:\Users\vovqa\OneDrive\Рабочий стол\MY_RU_2127\0067.png
Trace|Loading image 46...
Trace|Image was loaded from file C:\Users\vovqa\OneDrive\Рабочий стол\MY_RU_2127\0068.png
Trace|Loading image 47...
Trace|Image was loaded from file C:\Users\vovqa\OneDrive\Рабочий стол\MY_RU_2127\0069.png
Trace|Loading image 48...
Trace|Image was loaded from file C:\Users\vovqa\OneDrive\Рабочий стол\MY_RU_2127\0070.png
Trace|Loading image 49...
Trace|Image was loaded from file C:\Users\vovqa\OneDrive\Рабочий стол\MY_RU_2127\0071.png
Trace|Loading image 50...
Trace|Image was loaded from file C:\Users\vovqa\OneDrive\Рабочий стол\MY_RU_2127\0072.png
Trace|Loading image 51...
Trace|Image was loaded from file C:\Users\vovqa\OneDrive\Рабочий стол\MY_RU_2127\0073.png
Trace|Loading image 52...
Trace|Image was loaded from file C:\Users\vovqa\OneDrive\Рабочий стол\MY_RU_2127\0074.png
Trace|Loading image 53...
Trace|Image was loaded from file C:\Users\vovqa\OneDrive\Рабочий стол\MY_RU_2127\0075.png
Trace|Loading images for 6.2 'Temperature'
Trace|Loading images for 6.2.1 'TemperatureNumber'
Trace|Loading images for 6.2.1.1 'Number'
Trace|Loading images for 6.2.1.1.5 'TextAlignment'
Trace|Loading image 54...
Trace|Image was loaded from file C:\Users\vovqa\OneDrive\Рабочий стол\MY_RU_2127\0086.png
Trace|Loading image 55...
Trace|Image was loaded from file C:\Users\vovqa\OneDrive\Рабочий стол\MY_RU_2127\0089.png
Trace|Loading images for 6.2.2 'TodayTemperature'
Trace|Loading images for 6.2.2.1 'SeparateTemperature'
Trace|Loading images for 6.2.2.1.1 'TemperatureNumber'
Trace|Loading images for 6.2.2.1.1.1 'Number'
Trace|Loading images for 6.2.2.1.1.1.5 'TextAlignment'
Trace|Loading image 56...
Trace|Image was loaded from file C:\Users\vovqa\OneDrive\Рабочий стол\MY_RU_2127\0111.png
Trace|Loading image 57...
Trace|Image was loaded from file C:\Users\vovqa\OneDrive\Рабочий стол\MY_RU_2127\0112.png
Trace|Loading image 58...
Trace|Image was loaded from file C:\Users\vovqa\OneDrive\Рабочий стол\MY_RU_2127\0113.png
Trace|Loading image 59...
Trace|Image was loaded from file C:\Users\vovqa\OneDrive\Рабочий стол\MY_RU_2127\0114.png
Trace|Loading image 60...
Trace|Image was loaded from file C:\Users\vovqa\OneDrive\Рабочий стол\MY_RU_2127\0115.png
Trace|Loading image 61...
Trace|Image was loaded from file C:\Users\vovqa\OneDrive\Рабочий стол\MY_RU_2127\0116.png
Trace|Loading image 62...
Trace|Image was loaded from file C:\Users\vovqa\OneDrive\Рабочий стол\MY_RU_2127\0117.png
Trace|Loading image 63...
Trace|Image was loaded from file C:\Users\vovqa\OneDrive\Рабочий стол\MY_RU_2127\0118.png
Trace|Loading image 64...
Trace|Image was loaded from file C:\Users\vovqa\OneDrive\Рабочий стол\MY_RU_2127\0119.png
Trace|Loading image 65...
Trace|Image was loaded from file C:\Users\vovqa\OneDrive\Рабочий стол\MY_RU_2127\0120.png
Trace|Loading image 66...
Trace|Image was loaded from file C:\Users\vovqa\OneDrive\Рабочий стол\MY_RU_2127\0088.png
Trace|Loading images for 6.2.2.1.2 'TemperatureNumber'
Trace|Loading images for 6.2.2.1.2.1 'Number'
Trace|Loading images for 6.2.2.1.2.1.5 'TextAlignment'
Trace|Loading images for 8 'Status'
Trace|Loading images for 8.1 'Switch'
Trace|Loading images for 8.1.1 'Coordinates'
Trace|Loading image 67...
Trace|Image was loaded from file C:\Users\vovqa\OneDrive\Рабочий стол\MY_RU_2127\0028.png
Trace|Loading image 68...
Trace|Image was loaded from file C:\Users\vovqa\OneDrive\Рабочий стол\MY_RU_2127\0029.png
Trace|Loading images for 8.2 'Switch'
Trace|Loading images for 8.2.1 'Coordinates'
Trace|Loading image 69...
Trace|Image was loaded from file C:\Users\vovqa\OneDrive\Рабочий стол\MY_RU_2127\0030.png
Trace|Loading images for 9 'Battery'
Trace|Loading images for 9.1 'Number'
Trace|Loading images for 9.1.5 'TextAlignment'
Trace|Loading image 70...
Trace|Image was loaded from file C:\Users\vovqa\OneDrive\Рабочий стол\MY_RU_2127\0179.png
Trace|Loading image 71...
Trace|Image was loaded from file C:\Users\vovqa\OneDrive\Рабочий стол\MY_RU_2127\0180.png
Trace|Loading image 72...
Trace|Image was loaded from file C:\Users\vovqa\OneDrive\Рабочий стол\MY_RU_2127\0181.png
Trace|Loading image 73...
Trace|Image was loaded from file C:\Users\vovqa\OneDrive\Рабочий стол\MY_RU_2127\0182.png
Trace|Loading image 74...
Trace|Image was loaded from file C:\Users\vovqa\OneDrive\Рабочий стол\MY_RU_2127\0183.png
Trace|Loading image 75...
Trace|Image was loaded from file C:\Users\vovqa\OneDrive\Рабочий стол\MY_RU_2127\0184.png
Trace|Loading image 76...
Trace|Image was loaded from file C:\Users\vovqa\OneDrive\Рабочий стол\MY_RU_2127\0185.png
Trace|Loading image 77...
Trace|Image was loaded from file C:\Users\vovqa\OneDrive\Рабочий стол\MY_RU_2127\0186.png
Trace|Loading image 78...
Trace|Image was loaded from file C:\Users\vovqa\OneDrive\Рабочий стол\MY_RU_2127\0187.png
Trace|Loading image 79...
Trace|Image was loaded from file C:\Users\vovqa\OneDrive\Рабочий стол\MY_RU_2127\0188.png
Trace|Loading images for 9.2 'ImageSet'
Trace|Loading image 80...
Trace|Image was loaded from file C:\Users\vovqa\OneDrive\Рабочий стол\MY_RU_2127\0031.png
Trace|Loading image 81...
Trace|Image was loaded from file C:\Users\vovqa\OneDrive\Рабочий стол\MY_RU_2127\0032.png
Trace|Loading image 82...
Trace|Image was loaded from file C:\Users\vovqa\OneDrive\Рабочий стол\MY_RU_2127\0033.png
Trace|Loading image 83...
Trace|Image was loaded from file C:\Users\vovqa\OneDrive\Рабочий стол\MY_RU_2127\0034.png
Trace|Loading image 84...
Trace|Image was loaded from file C:\Users\vovqa\OneDrive\Рабочий стол\MY_RU_2127\0035.png
Trace|Loading image 85...
Trace|Image was loaded from file C:\Users\vovqa\OneDrive\Рабочий стол\MY_RU_2127\0036.png
Trace|Loading image 86...
Trace|Image was loaded from file C:\Users\vovqa\OneDrive\Рабочий стол\MY_RU_2127\0037.png
Trace|Loading image 87...
Trace|Image was loaded from file C:\Users\vovqa\OneDrive\Рабочий стол\MY_RU_2127\0038.png
Trace|Loading image 88...
Trace|Image was loaded from file C:\Users\vovqa\OneDrive\Рабочий стол\MY_RU_2127\0039.png
Trace|Loading image 89...
Trace|Image was loaded from file C:\Users\vovqa\OneDrive\Рабочий стол\MY_RU_2127\0040.png
Trace|Building parameters for watch face...
Trace|2 'Background'
Trace|2.1 'Image'
Trace|2.1.1 'X': 0
Trace|2.1.2 'Y': 0
Trace|2.1.3 'ImageIndex': 0
Trace|3 'Time'
Trace|3.1 'TwoDigits'
Trace|3.1.1 'ImageSet'
Trace|3.1.1.1 'X': 1
Trace|3.1.1.2 'Y': 33
Trace|3.1.1.3 'ImageIndex': 1
Trace|3.1.1.4 'ImagesCount': 10
Trace|3.1.2 'ImageSet'
Trace|3.1.2.1 'X': 43
Trace|3.1.2.2 'Y': 33
Trace|3.1.2.3 'ImageIndex': 1
Trace|3.1.2.4 'ImagesCount': 10
Trace|3.2 'TwoDigits'
Trace|3.2.1 'ImageSet'
Trace|3.2.1.1 'X': 95
Trace|3.2.1.2 'Y': 33
Trace|3.2.1.3 'ImageIndex': 1
Trace|3.2.1.4 'ImagesCount': 10
Trace|3.2.2 'ImageSet'
Trace|3.2.2.1 'X': 137
Trace|3.2.2.2 'Y': 33
Trace|3.2.2.3 'ImageIndex': 1
Trace|3.2.2.4 'ImagesCount': 10
Trace|4 'Activity'
Trace|4.4 'Number'
Trace|4.4.1 'TopLeftX': 6
Trace|4.4.2 'TopLeftY': 148
Trace|4.4.3 'BottomRightX': 57
Trace|4.4.4 'BottomRightY': 169
Trace|4.4.5 'Alignment': 18
Trace|4.4.6 'Spacing': 2
Trace|4.4.7 'ImageIndex': 11
Trace|4.4.8 'ImagesCount': 10
Trace|5 'Date'
Trace|5.1 'MonthAndDay'
Trace|5.1.1 'SeparateMonthAndDay'
Trace|5.1.1.1 'Number'
Trace|5.1.1.1.1 'TopLeftX': 78
Trace|5.1.1.1.2 'TopLeftY': 5
Trace|5.1.1.1.3 'BottomRightX': 111
Trace|5.1.1.1.4 'BottomRightY': 26
Trace|5.1.1.1.5 'Alignment': 18
Trace|5.1.1.1.6 'Spacing': 2
Trace|5.1.1.1.7 'ImageIndex': 11
Trace|5.1.1.1.8 'ImagesCount': 10
Trace|5.1.1.3 'Number'
Trace|5.1.1.3.1 'TopLeftX': 33
Trace|5.1.1.3.2 'TopLeftY': 5
Trace|5.1.1.3.3 'BottomRightX': 66
Trace|5.1.1.3.4 'BottomRightY': 26
Trace|5.1.1.3.5 'Alignment': 20
Trace|5.1.1.3.6 'Spacing': 2
Trace|5.1.1.3.7 'ImageIndex': 11
Trace|5.1.1.3.8 'ImagesCount': 10
Trace|5.1.3 'TwoDigitsMonth': 1
Trace|5.1.4 'TwoDigitsDay': 1
Trace|5.2 'ImageSet'
Trace|5.2.1 'X': 118
Trace|5.2.2 'Y': 6
Trace|5.2.3 'ImageIndex': 21
Trace|5.2.4 'ImagesCount': 7
Trace|6 'Weather'
Trace|6.1 'WeatherIcon'
Trace|6.1.2 'CustomWeatherIcon'
Trace|6.1.2.1 'X': 56
Trace|6.1.2.2 'Y': 130
Trace|6.1.2.3 'ImageIndex': 28
Trace|6.1.2.4 'ImagesCount': 26
Trace|6.2 'Temperature'
Trace|6.2.1 'TemperatureNumber'
Trace|6.2.1.1 'Number'
Trace|6.2.1.1.1 'TopLeftX': 123
Trace|6.2.1.1.2 'TopLeftY': 131
Trace|6.2.1.1.3 'BottomRightX': 173
Trace|6.2.1.1.4 'BottomRightY': 156
Trace|6.2.1.1.5 'Alignment': 24
Trace|6.2.1.1.6 'Spacing': 2
Trace|6.2.1.1.7 'ImageIndex': 11
Trace|6.2.1.1.8 'ImagesCount': 10
Trace|6.2.1.2 'MinusImageIndex': 54
Trace|6.2.1.3 'DegreesImageIndex': 55
Trace|6.2.2 'TodayTemperature'
Trace|6.2.2.1 'SeparateTemperature'
Trace|6.2.2.1.1 'TemperatureNumber'
Trace|6.2.2.1.1.1 'Number'
Trace|6.2.2.1.1.1.1 'TopLeftX': 122
Trace|6.2.2.1.1.1.2 'TopLeftY': 160
Trace|6.2.2.1.1.1.3 'BottomRightX': 147
Trace|6.2.2.1.1.1.4 'BottomRightY': 171
Trace|6.2.2.1.1.1.5 'Alignment': 24
Trace|6.2.2.1.1.1.6 'Spacing': 1
Trace|6.2.2.1.1.1.7 'ImageIndex': 56
Trace|6.2.2.1.1.1.8 'ImagesCount': 10
Trace|6.2.2.1.1.2 'MinusImageIndex': 66
Trace|6.2.2.1.2 'TemperatureNumber'
Trace|6.2.2.1.2.1 'Number'
Trace|6.2.2.1.2.1.1 'TopLeftX': 149
Trace|6.2.2.1.2.1.2 'TopLeftY': 160
Trace|6.2.2.1.2.1.3 'BottomRightX': 174
Trace|6.2.2.1.2.1.4 'BottomRightY': 171
Trace|6.2.2.1.2.1.5 'Alignment': 24
Trace|6.2.2.1.2.1.6 'Spacing': 1
Trace|6.2.2.1.2.1.7 'ImageIndex': 56
Trace|6.2.2.1.2.1.8 'ImagesCount': 10
Trace|6.2.2.1.2.2 'MinusImageIndex': 66
Trace|8 'Status'
Trace|8.1 'Switch'
Trace|8.1.1 'Coordinates'
Trace|8.1.1.1 'X': 5
Trace|8.1.1.2 'Y': 5
Trace|8.1.2 'ImageIndexOn': 67
Trace|8.1.3 'ImageIndexOff': 68
Trace|8.2 'Switch'
Trace|8.2.1 'Coordinates'
Trace|8.2.1.1 'X': 20
Trace|8.2.1.2 'Y': 5
Trace|8.2.2 'ImageIndexOn': 69
Trace|9 'Battery'
Trace|9.1 'Number'
Trace|9.1.1 'TopLeftX': 151
Trace|9.1.2 'TopLeftY': 18
Trace|9.1.3 'BottomRightX': 167
Trace|9.1.4 'BottomRightY': 26
Trace|9.1.5 'Alignment': 24
Trace|9.1.6 'Spacing': 1
Trace|9.1.7 'ImageIndex': 70
Trace|9.1.8 'ImagesCount': 10
Trace|9.2 'ImageSet'
Trace|9.2.1 'X': 152
Trace|9.2.2 'Y': 6
Trace|9.2.3 'ImageIndex': 80
Trace|9.2.4 'ImagesCount': 10
Debug|Generating previews...
Debug|Writing watch face to 'C:\Users\vovqa\OneDrive\Рабочий стол\MY_RU_2127\MY_RU_2127_packed.bin'
Trace|Encoding parameters...
Trace|Parameter: 2
Trace|1 (0A):
Trace|    1 (08): 0 (00)
Trace|    2 (10): 0 (00)
Trace|    3 (18): 0 (00)
Trace|8 bytes
Trace|Parameter: 3
Trace|1 (0A):
Trace|    1 (0A):
Trace|        1 (08): 1 (01)
Trace|        2 (10): 33 (21)
Trace|        3 (18): 1 (01)
Trace|        4 (20): 10 (0A)
Trace|    10 bytes
Trace|    2 (12):
Trace|        1 (08): 43 (2B)
Trace|        2 (10): 33 (21)
Trace|        3 (18): 1 (01)
Trace|        4 (20): 10 (0A)
Trace|    10 bytes
Trace|22 bytes
Trace|2 (12):
Trace|    1 (0A):
Trace|        1 (08): 95 (5F)
Trace|        2 (10): 33 (21)
Trace|        3 (18): 1 (01)
Trace|        4 (20): 10 (0A)
Trace|    10 bytes
Trace|    2 (12):
Trace|        1 (08): 137 (89)
Trace|        2 (10): 33 (21)
Trace|        3 (18): 1 (01)
Trace|        4 (20): 10 (0A)
Trace|    11 bytes
Trace|23 bytes
Trace|Parameter: 4
Trace|4 (22):
Trace|    1 (08): 6 (06)
Trace|    2 (10): 148 (94)
Trace|    3 (18): 57 (39)
Trace|    4 (20): 169 (A9)
Trace|    5 (28): 18 (12)
Trace|    6 (30): 2 (02)
Trace|    7 (38): 11 (0B)
Trace|    8 (40): 10 (0A)
Trace|20 bytes
Trace|Parameter: 5
Trace|1 (0A):
Trace|    1 (0A):
Trace|        1 (0A):
Trace|            1 (08): 78 (4E)
Trace|            2 (10): 5 (05)
Trace|            3 (18): 111 (6F)
Trace|            4 (20): 26 (1A)
Trace|            5 (28): 18 (12)
Trace|            6 (30): 2 (02)
Trace|            7 (38): 11 (0B)
Trace|            8 (40): 10 (0A)
Trace|        18 bytes
Trace|        3 (1A):
Trace|            1 (08): 33 (21)
Trace|            2 (10): 5 (05)
Trace|            3 (18): 66 (42)
Trace|            4 (20): 26 (1A)
Trace|            5 (28): 20 (14)
Trace|            6 (30): 2 (02)
Trace|            7 (38): 11 (0B)
Trace|            8 (40): 10 (0A)
Trace|        18 bytes
Trace|    38 bytes
Trace|    3 (18): 1 (01)
Trace|    4 (20): 1 (01)
Trace|44 bytes
Trace|2 (12):
Trace|    1 (08): 118 (76)
Trace|    2 (10): 6 (06)
Trace|    3 (18): 21 (15)
Trace|    4 (20): 7 (07)
Trace|10 bytes
Trace|Parameter: 6
Trace|1 (0A):
Trace|    2 (12):
Trace|        1 (08): 56 (38)
Trace|        2 (10): 130 (82)
Trace|        3 (18): 28 (1C)
Trace|        4 (20): 26 (1A)
Trace|    11 bytes
Trace|13 bytes
Trace|2 (12):
Trace|    1 (0A):
Trace|        1 (0A):
Trace|            1 (08): 123 (7B)
Trace|            2 (10): 131 (83)
Trace|            3 (18): 173 (AD)
Trace|            4 (20): 156 (9C)
Trace|            5 (28): 24 (18)
Trace|            6 (30): 2 (02)
Trace|            7 (38): 11 (0B)
Trace|            8 (40): 10 (0A)
Trace|        21 bytes
Trace|        2 (10): 54 (36)
Trace|        3 (18): 55 (37)
Trace|    27 bytes
Trace|    2 (12):
Trace|        1 (0A):
Trace|            1 (0A):
Trace|                1 (0A):
Trace|                    1 (08): 122 (7A)
Trace|                    2 (10): 160 (A0)
Trace|                    3 (18): 147 (93)
Trace|                    4 (20): 171 (AB)
Trace|                    5 (28): 24 (18)
Trace|                    6 (30): 1 (01)
Trace|                    7 (38): 56 (38)
Trace|                    8 (40): 10 (0A)
Trace|                21 bytes
Trace|                2 (10): 66 (42)
Trace|            25 bytes
Trace|            2 (12):
Trace|                1 (0A):
Trace|                    1 (08): 149 (95)
Trace|                    2 (10): 160 (A0)
Trace|                    3 (18): 174 (AE)
Trace|                    4 (20): 171 (AB)
Trace|                    5 (28): 24 (18)
Trace|                    6 (30): 1 (01)
Trace|                    7 (38): 56 (38)
Trace|                    8 (40): 10 (0A)
Trace|                22 bytes
Trace|                2 (10): 66 (42)
Trace|            26 bytes
Trace|        53 bytes
Trace|    55 bytes
Trace|84 bytes
Trace|Parameter: 8
Trace|1 (0A):
Trace|    1 (0A):
Trace|        1 (08): 5 (05)
Trace|        2 (10): 5 (05)
Trace|    6 bytes
Trace|    2 (10): 67 (43)
Trace|    3 (18): 68 (44)
Trace|12 bytes
Trace|2 (12):
Trace|    1 (0A):
Trace|        1 (08): 20 (14)
Trace|        2 (10): 5 (05)
Trace|    6 bytes
Trace|    2 (10): 69 (45)
Trace|10 bytes
Trace|Parameter: 9
Trace|1 (0A):
Trace|    1 (08): 151 (97)
Trace|    2 (10): 18 (12)
Trace|    3 (18): 167 (A7)
Trace|    4 (20): 26 (1A)
Trace|    5 (28): 24 (18)
Trace|    6 (30): 1 (01)
Trace|    7 (38): 70 (46)
Trace|    8 (40): 10 (0A)
Trace|20 bytes
Trace|2 (12):
Trace|    1 (08): 152 (98)
Trace|    2 (10): 6 (06)
Trace|    3 (18): 80 (50)
Trace|    4 (20): 10 (0A)
Trace|11 bytes
Trace|Encoding offsets and lengths...
Trace|1 (0A):
Trace|    1 (08): 277 (115)
Trace|    2 (10): 90 (5A)
Trace|7 bytes
Trace|2 (12):
Trace|    1 (08): 0 (00)
Trace|    2 (10): 8 (08)
Trace|6 bytes
Trace|3 (1A):
Trace|    1 (08): 8 (08)
Trace|    2 (10): 45 (2D)
Trace|6 bytes
Trace|4 (22):
Trace|    1 (08): 53 (35)
Trace|    2 (10): 20 (14)
Trace|6 bytes
Trace|5 (2A):
Trace|    1 (08): 73 (49)
Trace|    2 (10): 54 (36)
Trace|6 bytes
Trace|6 (32):
Trace|    1 (08): 127 (7F)
Trace|    2 (10): 97 (61)
Trace|6 bytes
Trace|8 (42):
Trace|    1 (08): 224 (E0)
Trace|    2 (10): 22 (16)
Trace|7 bytes
Trace|9 (4A):
Trace|    1 (08): 246 (F6)
Trace|    2 (10): 31 (1F)
Trace|7 bytes
Trace|Writing header...
Trace|Writing parameters offsets and lengths...
Trace|Writing parameters...
Trace|Writing images...
Trace|Image 0 offset is 0...
Debug|Encoding image 0...
Trace|Extracting palette...
Trace|Palette item 0: R 00, G 00, B 00
Trace|Palette item 1: R FF, G FF, B FF
Trace|Palette item 2: R FF, G 00, B 00
Trace|Writing image header...
Trace|Width: 176, Height: 176, RowLength: 44
Trace|BPP: 2, PaletteColors: 3, Transaparency: 0
Trace|Writing palette...
Trace|Writing image...
Trace|Image 1 offset is 7772...
Debug|Encoding image 1...
Trace|Extracting palette...
Trace|Palette item 0: R 00, G 00, B 00, Transaparent color
Trace|Palette item 1: R FF, G FF, B FF
Trace|Writing image header...
Trace|Width: 37, Height: 89, RowLength: 5
Trace|BPP: 1, PaletteColors: 2, Transaparency: 1
Trace|Writing palette...
Trace|Writing image...
Trace|Image 2 offset is 8241...
Debug|Encoding image 2...
Trace|Extracting palette...
Trace|Palette item 0: R 00, G 00, B 00, Transaparent color
Trace|Palette item 1: R FF, G FF, B FF
Trace|Writing image header...
Trace|Width: 37, Height: 89, RowLength: 5
Trace|BPP: 1, PaletteColors: 2, Transaparency: 1
Trace|Writing palette...
Trace|Writing image...
Trace|Image 3 offset is 8710...
Debug|Encoding image 3...
Trace|Extracting palette...
Trace|Palette item 0: R 00, G 00, B 00, Transaparent color
Trace|Palette item 1: R FF, G FF, B FF
Trace|Writing image header...
Trace|Width: 37, Height: 89, RowLength: 5
Trace|BPP: 1, PaletteColors: 2, Transaparency: 1
Trace|Writing palette...
Trace|Writing image...
Trace|Image 4 offset is 9179...
Debug|Encoding image 4...
Trace|Extracting palette...
Trace|Palette item 0: R 00, G 00, B 00, Transaparent color
Trace|Palette item 1: R FF, G FF, B FF
Trace|Writing image header...
Trace|Width: 37, Height: 89, RowLength: 5
Trace|BPP: 1, PaletteColors: 2, Transaparency: 1
Trace|Writing palette...
Trace|Writing image...
Trace|Image 5 offset is 9648...
Debug|Encoding image 5...
Trace|Extracting palette...
Trace|Palette item 0: R 00, G 00, B 00, Transaparent color
Trace|Palette item 1: R FF, G FF, B FF
Trace|Writing image header...
Trace|Width: 37, Height: 89, RowLength: 5
Trace|BPP: 1, PaletteColors: 2, Transaparency: 1
Trace|Writing palette...
Trace|Writing image...
Trace|Image 6 offset is 10117...
Debug|Encoding image 6...
Trace|Extracting palette...
Trace|Palette item 0: R 00, G 00, B 00, Transaparent color
Trace|Palette item 1: R FF, G FF, B FF
Trace|Writing image header...
Trace|Width: 37, Height: 89, RowLength: 5
Trace|BPP: 1, PaletteColors: 2, Transaparency: 1
Trace|Writing palette...
Trace|Writing image...
Trace|Image 7 offset is 10586...
Debug|Encoding image 7...
Trace|Extracting palette...
Trace|Palette item 0: R 00, G 00, B 00, Transaparent color
Trace|Palette item 1: R FF, G FF, B FF
Trace|Writing image header...
Trace|Width: 36, Height: 89, RowLength: 5
Trace|BPP: 1, PaletteColors: 2, Transaparency: 1
Trace|Writing palette...
Trace|Writing image...
Trace|Image 8 offset is 11055...
Debug|Encoding image 8...
Trace|Extracting palette...
Trace|Palette item 0: R FF, G FF, B FF
Trace|Palette item 1: R 00, G 00, B 00, Transaparent color
Trace|Writing image header...
Trace|Width: 37, Height: 89, RowLength: 5
Trace|BPP: 1, PaletteColors: 2, Transaparency: 1
Trace|Writing palette...
Trace|Writing image...
Trace|Image 9 offset is 11524...
Debug|Encoding image 9...
Trace|Extracting palette...
Trace|Palette item 0: R 00, G 00, B 00, Transaparent color
Trace|Palette item 1: R FF, G FF, B FF
Trace|Writing image header...
Trace|Width: 37, Height: 89, RowLength: 5
Trace|BPP: 1, PaletteColors: 2, Transaparency: 1
Trace|Writing palette...
Trace|Writing image...
Trace|Image 10 offset is 11993...
Debug|Encoding image 10...
Trace|Extracting palette...
Trace|Palette item 0: R 00, G 00, B 00, Transaparent color
Trace|Palette item 1: R FF, G FF, B FF
Trace|Writing image header...
Trace|Width: 37, Height: 89, RowLength: 5
Trace|BPP: 1, PaletteColors: 2, Transaparency: 1
Trace|Writing palette...
Trace|Writing image...
Trace|Image 11 offset is 12462...
Debug|Encoding image 11...
Trace|Extracting palette...
Trace|Palette item 0: R 00, G 00, B 00, Transaparent color
Trace|Palette item 1: R FF, G FF, B FF
Trace|Writing image header...
Trace|Width: 16, Height: 22, RowLength: 2
Trace|BPP: 1, PaletteColors: 2, Transaparency: 1
Trace|Writing palette...
Trace|Writing image...
Trace|Image 12 offset is 12530...
Debug|Encoding image 12...
Trace|Extracting palette...
Trace|Palette item 0: R 00, G 00, B 00, Transaparent color
Trace|Palette item 1: R FF, G FF, B FF
Trace|Writing image header...
Trace|Width: 16, Height: 22, RowLength: 2
Trace|BPP: 1, PaletteColors: 2, Transaparency: 1
Trace|Writing palette...
Trace|Writing image...
Trace|Image 13 offset is 12598...
Debug|Encoding image 13...
Trace|Extracting palette...
Trace|Palette item 0: R 00, G 00, B 00, Transaparent color
Trace|Palette item 1: R FF, G FF, B FF
Trace|Writing image header...
Trace|Width: 16, Height: 22, RowLength: 2
Trace|BPP: 1, PaletteColors: 2, Transaparency: 1
Trace|Writing palette...
Trace|Writing image...
Trace|Image 14 offset is 12666...
Debug|Encoding image 14...
Trace|Extracting palette...
Trace|Palette item 0: R 00, G 00, B 00, Transaparent color
Trace|Palette item 1: R FF, G FF, B FF
Trace|Writing image header...
Trace|Width: 16, Height: 22, RowLength: 2
Trace|BPP: 1, PaletteColors: 2, Transaparency: 1
Trace|Writing palette...
Trace|Writing image...
Trace|Image 15 offset is 12734...
Debug|Encoding image 15...
Trace|Extracting palette...
Trace|Palette item 0: R 00, G 00, B 00, Transaparent color
Trace|Palette item 1: R FF, G FF, B FF
Trace|Writing image header...
Trace|Width: 16, Height: 22, RowLength: 2
Trace|BPP: 1, PaletteColors: 2, Transaparency: 1
Trace|Writing palette...
Trace|Writing image...
Trace|Image 16 offset is 12802...
Debug|Encoding image 16...
Trace|Extracting palette...
Trace|Palette item 0: R 00, G 00, B 00, Transaparent color
Trace|Palette item 1: R FF, G FF, B FF
Trace|Writing image header...
Trace|Width: 16, Height: 22, RowLength: 2
Trace|BPP: 1, PaletteColors: 2, Transaparency: 1
Trace|Writing palette...
Trace|Writing image...
Trace|Image 17 offset is 12870...
Debug|Encoding image 17...
Trace|Extracting palette...
Trace|Palette item 0: R 00, G 00, B 00, Transaparent color
Trace|Palette item 1: R FF, G FF, B FF
Trace|Writing image header...
Trace|Width: 16, Height: 22, RowLength: 2
Trace|BPP: 1, PaletteColors: 2, Transaparency: 1
Trace|Writing palette...
Trace|Writing image...
Trace|Image 18 offset is 12938...
Debug|Encoding image 18...
Trace|Extracting palette...
Trace|Palette item 0: R 00, G 00, B 00, Transaparent color
Trace|Palette item 1: R FF, G FF, B FF
Trace|Writing image header...
Trace|Width: 16, Height: 22, RowLength: 2
Trace|BPP: 1, PaletteColors: 2, Transaparency: 1
Trace|Writing palette...
Trace|Writing image...
Trace|Image 19 offset is 13006...
Debug|Encoding image 19...
Trace|Extracting palette...
Trace|Palette item 0: R 00, G 00, B 00, Transaparent color
Trace|Palette item 1: R FF, G FF, B FF
Trace|Writing image header...
Trace|Width: 16, Height: 22, RowLength: 2
Trace|BPP: 1, PaletteColors: 2, Transaparency: 1
Trace|Writing palette...
Trace|Writing image...
Trace|Image 20 offset is 13074...
Debug|Encoding image 20...
Trace|Extracting palette...
Trace|Palette item 0: R 00, G 00, B 00, Transaparent color
Trace|Palette item 1: R FF, G FF, B FF
Trace|Writing image header...
Trace|Width: 16, Height: 22, RowLength: 2
Trace|BPP: 1, PaletteColors: 2, Transaparency: 1
Trace|Writing palette...
Trace|Writing image...
Trace|Image 21 offset is 13142...
Debug|Encoding image 21...
Trace|Extracting palette...
Trace|Palette item 0: R 00, G 00, B 00, Transaparent color
Trace|Palette item 1: R FF, G FF, B FF
Trace|Writing image header...
Trace|Width: 30, Height: 15, RowLength: 4
Trace|BPP: 1, PaletteColors: 2, Transaparency: 1
Trace|Writing palette...
Trace|Writing image...
Trace|Image 22 offset is 13226...
Debug|Encoding image 22...
Trace|Extracting palette...
Trace|Palette item 0: R 00, G 00, B 00, Transaparent color
Trace|Palette item 1: R FF, G FF, B FF
Trace|Writing image header...
Trace|Width: 30, Height: 15, RowLength: 4
Trace|BPP: 1, PaletteColors: 2, Transaparency: 1
Trace|Writing palette...
Trace|Writing image...
Trace|Image 23 offset is 13310...
Debug|Encoding image 23...
Trace|Extracting palette...
Trace|Palette item 0: R 00, G 00, B 00, Transaparent color
Trace|Palette item 1: R FF, G FF, B FF
Trace|Writing image header...
Trace|Width: 30, Height: 15, RowLength: 4
Trace|BPP: 1, PaletteColors: 2, Transaparency: 1
Trace|Writing palette...
Trace|Writing image...
Trace|Image 24 offset is 13394...
Debug|Encoding image 24...
Trace|Extracting palette...
Trace|Palette item 0: R 00, G 00, B 00, Transaparent color
Trace|Palette item 1: R FF, G FF, B FF
Trace|Writing image header...
Trace|Width: 30, Height: 15, RowLength: 4
Trace|BPP: 1, PaletteColors: 2, Transaparency: 1
Trace|Writing palette...
Trace|Writing image...
Trace|Image 25 offset is 13478...
Debug|Encoding image 25...
Trace|Extracting palette...
Trace|Palette item 0: R 00, G 00, B 00, Transaparent color
Trace|Palette item 1: R FF, G FF, B FF
Trace|Writing image header...
Trace|Width: 30, Height: 15, RowLength: 4
Trace|BPP: 1, PaletteColors: 2, Transaparency: 1
Trace|Writing palette...
Trace|Writing image...
Trace|Image 26 offset is 13562...
Debug|Encoding image 26...
Trace|Extracting palette...
Trace|Palette item 0: R 00, G 00, B 00, Transaparent color
Trace|Palette item 1: R FF, G FF, B FF
Trace|Writing image header...
Trace|Width: 30, Height: 15, RowLength: 4
Trace|BPP: 1, PaletteColors: 2, Transaparency: 1
Trace|Writing palette...
Trace|Writing image...
Trace|Image 27 offset is 13646...
Debug|Encoding image 27...
Trace|Extracting palette...
Trace|Palette item 0: R 00, G 00, B 00, Transaparent color
Trace|Palette item 1: R FF, G FF, B FF
Trace|Writing image header...
Trace|Width: 30, Height: 15, RowLength: 4
Trace|BPP: 1, PaletteColors: 2, Transaparency: 1
Trace|Writing palette...
Trace|Writing image...
Trace|Image 28 offset is 13730...
Debug|Encoding image 28...
Trace|Extracting palette...
Trace|Palette item 0: R 00, G 00, B 00
Trace|Palette item 1: R FF, G FF, B FF
Trace|Writing image header...
Trace|Width: 65, Height: 43, RowLength: 9
Trace|BPP: 1, PaletteColors: 2, Transaparency: 0
Trace|Writing palette...
Trace|Writing image...
Trace|Image 29 offset is 14141...
Debug|Encoding image 29...
Trace|Extracting palette...
Trace|Palette item 0: R 00, G 00, B 00
Trace|Palette item 1: R FF, G FF, B 00
Trace|Palette item 2: R FF, G 00, B 00
Trace|Palette item 3: R 00, G FF, B 00
Trace|Palette item 4: R FF, G FF, B FF
Trace|Palette item 5: R 00, G FF, B FF
Trace|Palette item 6: R 00, G 00, B FF
Trace|Writing image header...
Trace|Width: 65, Height: 43, RowLength: 33
Trace|BPP: 4, PaletteColors: 7, Transaparency: 0
Trace|Writing palette...
Trace|Writing image...
Trace|Image 30 offset is 15604...
Debug|Encoding image 30...
Trace|Extracting palette...
Trace|Palette item 0: R 00, G 00, B 00
Trace|Palette item 1: R FF, G FF, B 00
Trace|Palette item 2: R FF, G 00, B 00
Trace|Palette item 3: R 00, G FF, B 00
Trace|Palette item 4: R FF, G FF, B FF
Trace|Palette item 5: R 00, G FF, B FF
Trace|Palette item 6: R 00, G 00, B FF
Trace|Writing image header...
Trace|Width: 65, Height: 43, RowLength: 33
Trace|BPP: 4, PaletteColors: 7, Transaparency: 0
Trace|Writing palette...
Trace|Writing image...
Trace|Image 31 offset is 17067...
Debug|Encoding image 31...
Trace|Extracting palette...
Trace|Palette item 0: R 00, G 00, B 00
Trace|Palette item 1: R FF, G FF, B 00
Trace|Palette item 2: R FF, G 00, B 00
Trace|Palette item 3: R 00, G FF, B 00
Trace|Palette item 4: R FF, G FF, B FF
Trace|Palette item 5: R 00, G FF, B FF
Trace|Palette item 6: R FF, G 00, B FF
Trace|Writing image header...
Trace|Width: 65, Height: 43, RowLength: 33
Trace|BPP: 4, PaletteColors: 7, Transaparency: 0
Trace|Writing palette...
Trace|Writing image...
Trace|Image 32 offset is 18530...
Debug|Encoding image 32...
Trace|Extracting palette...
Trace|Palette item 0: R 00, G 00, B 00
Trace|Palette item 1: R FF, G FF, B 00
Trace|Palette item 2: R FF, G 00, B 00
Trace|Palette item 3: R 00, G FF, B 00
Trace|Writing image header...
Trace|Width: 65, Height: 43, RowLength: 17
Trace|BPP: 2, PaletteColors: 4, Transaparency: 0
Trace|Writing palette...
Trace|Writing image...
Trace|Image 33 offset is 19293...
Debug|Encoding image 33...
Trace|Extracting palette...
Trace|Palette item 0: R 00, G 00, B 00
Trace|Palette item 1: R FF, G FF, B 00
Trace|Palette item 2: R FF, G 00, B 00
Trace|Palette item 3: R FF, G FF, B FF
Trace|Palette item 4: R 00, G FF, B FF
Trace|Palette item 5: R 00, G FF, B 00
Trace|Writing image header...
Trace|Width: 65, Height: 43, RowLength: 33
Trace|BPP: 4, PaletteColors: 6, Transaparency: 0
Trace|Writing palette...
Trace|Writing image...
Trace|Image 34 offset is 20752...
Debug|Encoding image 34...
Trace|Extracting palette...
Trace|Palette item 0: R 00, G 00, B 00
Trace|Palette item 1: R FF, G FF, B FF
Trace|Palette item 2: R 00, G FF, B FF
Trace|Writing image header...
Trace|Width: 65, Height: 43, RowLength: 17
Trace|BPP: 2, PaletteColors: 3, Transaparency: 0
Trace|Writing palette...
Trace|Writing image...
Trace|Image 35 offset is 21511...
Debug|Encoding image 35...
Trace|Extracting palette...
Trace|Palette item 0: R 00, G 00, B 00
Trace|Palette item 1: R FF, G FF, B FF
Trace|Palette item 2: R 00, G FF, B FF
Trace|Palette item 3: R FF, G 00, B 00
Trace|Writing image header...
Trace|Width: 65, Height: 43, RowLength: 17
Trace|BPP: 2, PaletteColors: 4, Transaparency: 0
Trace|Writing palette...
Trace|Writing image...
Trace|Image 36 offset is 22274...
Debug|Encoding image 36...
Trace|Extracting palette...
Trace|Palette item 0: R 00, G 00, B 00
Trace|Palette item 1: R 00, G FF, B FF
Trace|Palette item 2: R FF, G FF, B FF
Trace|Writing image header...
Trace|Width: 65, Height: 43, RowLength: 17
Trace|BPP: 2, PaletteColors: 3, Transaparency: 0
Trace|Writing palette...
Trace|Writing image...
Trace|Image 37 offset is 23033...
Debug|Encoding image 37...
Trace|Extracting palette...
Trace|Palette item 0: R 00, G 00, B 00
Trace|Palette item 1: R FF, G FF, B FF
Trace|Palette item 2: R 00, G FF, B FF
Trace|Palette item 3: R FF, G 00, B 00
Trace|Writing image header...
Trace|Width: 65, Height: 43, RowLength: 17
Trace|BPP: 2, PaletteColors: 4, Transaparency: 0
Trace|Writing palette...
Trace|Writing image...
Trace|Image 38 offset is 23796...
Debug|Encoding image 38...
Trace|Extracting palette...
Trace|Palette item 0: R 00, G 00, B 00
Trace|Palette item 1: R 00, G FF, B FF
Trace|Palette item 2: R FF, G FF, B FF
Trace|Writing image header...
Trace|Width: 65, Height: 43, RowLength: 17
Trace|BPP: 2, PaletteColors: 3, Transaparency: 0
Trace|Writing palette...
Trace|Writing image...
Trace|Image 39 offset is 24555...
Debug|Encoding image 39...
Trace|Extracting palette...
Trace|Palette item 0: R 00, G 00, B 00
Trace|Palette item 1: R FF, G FF, B FF
Trace|Palette item 2: R 00, G FF, B FF
Trace|Palette item 3: R FF, G 00, B 00
Trace|Writing image header...
Trace|Width: 65, Height: 43, RowLength: 17
Trace|BPP: 2, PaletteColors: 4, Transaparency: 0
Trace|Writing palette...
Trace|Writing image...
Trace|Image 40 offset is 25318...
Debug|Encoding image 40...
Trace|Extracting palette...
Trace|Palette item 0: R 00, G 00, B 00
Trace|Palette item 1: R FF, G FF, B 00
Trace|Palette item 2: R FF, G FF, B FF
Trace|Writing image header...
Trace|Width: 65, Height: 43, RowLength: 17
Trace|BPP: 2, PaletteColors: 3, Transaparency: 0
Trace|Writing palette...
Trace|Writing image...
Trace|Image 41 offset is 26077...
Debug|Encoding image 41...
Trace|Extracting palette...
Trace|Palette item 0: R 00, G 00, B 00
Trace|Palette item 1: R FF, G FF, B FF
Trace|Palette item 2: R 00, G FF, B FF
Trace|Palette item 3: R FF, G 00, B 00
Trace|Writing image header...
Trace|Width: 65, Height: 43, RowLength: 17
Trace|BPP: 2, PaletteColors: 4, Transaparency: 0
Trace|Writing palette...
Trace|Writing image...
Trace|Image 42 offset is 26840...
Debug|Encoding image 42...
Trace|Extracting palette...
Trace|Palette item 0: R 00, G 00, B 00
Trace|Palette item 1: R FF, G FF, B FF
Trace|Palette item 2: R 00, G FF, B FF
Trace|Writing image header...
Trace|Width: 65, Height: 43, RowLength: 17
Trace|BPP: 2, PaletteColors: 3, Transaparency: 0
Trace|Writing palette...
Trace|Writing image...
Trace|Image 43 offset is 27599...
Debug|Encoding image 43...
Trace|Extracting palette...
Trace|Palette item 0: R 00, G 00, B 00
Trace|Palette item 1: R FF, G FF, B 00
Trace|Palette item 2: R FF, G 00, B 00
Trace|Palette item 3: R 00, G FF, B 00
Trace|Writing image header...
Trace|Width: 65, Height: 43, RowLength: 17
Trace|BPP: 2, PaletteColors: 4, Transaparency: 0
Trace|Writing palette...
Trace|Writing image...
Trace|Image 44 offset is 28362...
Debug|Encoding image 44...
Trace|Extracting palette...
Trace|Palette item 0: R 00, G 00, B 00
Trace|Palette item 1: R 00, G FF, B FF
Trace|Palette item 2: R FF, G FF, B FF
Trace|Palette item 3: R FF, G 00, B 00
Trace|Palette item 4: R 00, G 00, B 00, Transaparent color
Trace|Writing image header...
Trace|Width: 65, Height: 44, RowLength: 33
Trace|BPP: 4, PaletteColors: 5, Transaparency: 1
Trace|Writing palette...
Trace|Writing image...
Trace|Image 45 offset is 29850...
Debug|Encoding image 45...
Trace|Extracting palette...
Trace|Palette item 0: R 00, G 00, B 00
Trace|Palette item 1: R FF, G FF, B FF
Trace|Palette item 2: R 00, G FF, B FF
Trace|Palette item 3: R FF, G 00, B 00
Trace|Writing image header...
Trace|Width: 65, Height: 43, RowLength: 17
Trace|BPP: 2, PaletteColors: 4, Transaparency: 0
Trace|Writing palette...
Trace|Writing image...
Trace|Image 46 offset is 30613...
Debug|Encoding image 46...
Trace|Extracting palette...
Trace|Palette item 0: R 00, G 00, B 00
Trace|Palette item 1: R FF, G FF, B 00
Trace|Palette item 2: R FF, G 00, B 00
Trace|Palette item 3: R 00, G FF, B 00
Trace|Writing image header...
Trace|Width: 65, Height: 43, RowLength: 17
Trace|BPP: 2, PaletteColors: 4, Transaparency: 0
Trace|Writing palette...
Trace|Writing image...
Trace|Image 47 offset is 31376...
Debug|Encoding image 47...
Trace|Extracting palette...
Trace|Palette item 0: R 00, G 00, B 00
Trace|Palette item 1: R FF, G FF, B FF
Trace|Palette item 2: R 00, G FF, B FF
Trace|Palette item 3: R FF, G 00, B 00
Trace|Writing image header...
Trace|Width: 65, Height: 43, RowLength: 17
Trace|BPP: 2, PaletteColors: 4, Transaparency: 0
Trace|Writing palette...
Trace|Writing image...
Trace|Image 48 offset is 32139...
Debug|Encoding image 48...
Trace|Extracting palette...
Trace|Palette item 0: R 00, G 00, B 00
Trace|Palette item 1: R FF, G FF, B FF
Trace|Palette item 2: R 00, G FF, B FF
Trace|Palette item 3: R FF, G 00, B 00
Trace|Writing image header...
Trace|Width: 65, Height: 43, RowLength: 17
Trace|BPP: 2, PaletteColors: 4, Transaparency: 0
Trace|Writing palette...
Trace|Writing image...
Trace|Image 49 offset is 32902...
Debug|Encoding image 49...
Trace|Extracting palette...
Trace|Palette item 0: R 00, G 00, B 00
Trace|Palette item 1: R 00, G FF, B FF
Trace|Palette item 2: R FF, G FF, B FF
Trace|Palette item 3: R FF, G 00, B 00
Trace|Palette item 4: R 00, G 00, B 00, Transaparent color
Trace|Writing image header...
Trace|Width: 65, Height: 44, RowLength: 33
Trace|BPP: 4, PaletteColors: 5, Transaparency: 1
Trace|Writing palette...
Trace|Writing image...
Trace|Image 50 offset is 34390...
Debug|Encoding image 50...
Trace|Extracting palette...
Trace|Palette item 0: R 00, G 00, B 00
Trace|Palette item 1: R FF, G FF, B FF
Trace|Palette item 2: R 00, G FF, B FF
Trace|Palette item 3: R FF, G 00, B 00
Trace|Writing image header...
Trace|Width: 65, Height: 43, RowLength: 17
Trace|BPP: 2, PaletteColors: 4, Transaparency: 0
Trace|Writing palette...
Trace|Writing image...
Trace|Image 51 offset is 35153...
Debug|Encoding image 51...
Trace|Extracting palette...
Trace|Palette item 0: R 00, G 00, B 00
Trace|Palette item 1: R FF, G FF, B 00
Trace|Palette item 2: R FF, G 00, B 00
Trace|Writing image header...
Trace|Width: 65, Height: 43, RowLength: 17
Trace|BPP: 2, PaletteColors: 3, Transaparency: 0
Trace|Writing palette...
Trace|Writing image...
Trace|Image 52 offset is 35912...
Debug|Encoding image 52...
Trace|Extracting palette...
Trace|Palette item 0: R 00, G 00, B 00
Trace|Palette item 1: R 00, G FF, B FF
Trace|Writing image header...
Trace|Width: 65, Height: 43, RowLength: 9
Trace|BPP: 1, PaletteColors: 2, Transaparency: 0
Trace|Writing palette...
Trace|Writing image...
Trace|Image 53 offset is 36323...
Debug|Encoding image 53...
Trace|Extracting palette...
Trace|Palette item 0: R 00, G 00, B 00
Trace|Palette item 1: R 00, G FF, B FF
Trace|Palette item 2: R FF, G FF, B FF
Trace|Palette item 3: R FF, G 00, B 00
Trace|Writing image header...
Trace|Width: 65, Height: 43, RowLength: 17
Trace|BPP: 2, PaletteColors: 4, Transaparency: 0
Trace|Writing palette...
Trace|Writing image...
Trace|Image 54 offset is 37086...
Debug|Encoding image 54...
Trace|Extracting palette...
Trace|Palette item 0: R 00, G 00, B 00
Trace|Palette item 1: R FF, G FF, B FF
Trace|Writing image header...
Trace|Width: 6, Height: 26, RowLength: 1
Trace|BPP: 1, PaletteColors: 2, Transaparency: 0
Trace|Writing palette...
Trace|Writing image...
Trace|Image 55 offset is 37136...
Debug|Encoding image 55...
Trace|Extracting palette...
Trace|Palette item 0: R 00, G 00, B 00
Trace|Palette item 1: R FF, G FF, B FF
Trace|Writing image header...
Trace|Width: 13, Height: 12, RowLength: 2
Trace|BPP: 1, PaletteColors: 2, Transaparency: 0
Trace|Writing palette...
Trace|Writing image...
Trace|Image 56 offset is 37184...
Debug|Encoding image 56...
Trace|Extracting palette...
Trace|Palette item 0: R 00, G 00, B 00
Trace|Palette item 1: R FF, G FF, B FF
Trace|Writing image header...
Trace|Width: 6, Height: 12, RowLength: 1
Trace|BPP: 1, PaletteColors: 2, Transaparency: 0
Trace|Writing palette...
Trace|Writing image...
Trace|Image 57 offset is 37220...
Debug|Encoding image 57...
Trace|Extracting palette...
Trace|Palette item 0: R 00, G 00, B 00
Trace|Palette item 1: R FF, G FF, B FF
Trace|Writing image header...
Trace|Width: 4, Height: 12, RowLength: 1
Trace|BPP: 1, PaletteColors: 2, Transaparency: 0
Trace|Writing palette...
Trace|Writing image...
Trace|Image 58 offset is 37256...
Debug|Encoding image 58...
Trace|Extracting palette...
Trace|Palette item 0: R 00, G 00, B 00
Trace|Palette item 1: R FF, G FF, B FF
Trace|Writing image header...
Trace|Width: 6, Height: 12, RowLength: 1
Trace|BPP: 1, PaletteColors: 2, Transaparency: 0
Trace|Writing palette...
Trace|Writing image...
Trace|Image 59 offset is 37292...
Debug|Encoding image 59...
Trace|Extracting palette...
Trace|Palette item 0: R 00, G 00, B 00
Trace|Palette item 1: R FF, G FF, B FF
Trace|Writing image header...
Trace|Width: 6, Height: 12, RowLength: 1
Trace|BPP: 1, PaletteColors: 2, Transaparency: 0
Trace|Writing palette...
Trace|Writing image...
Trace|Image 60 offset is 37328...
Debug|Encoding image 60...
Trace|Extracting palette...
Trace|Palette item 0: R 00, G 00, B 00
Trace|Palette item 1: R FF, G FF, B FF
Trace|Writing image header...
Trace|Width: 6, Height: 12, RowLength: 1
Trace|BPP: 1, PaletteColors: 2, Transaparency: 0
Trace|Writing palette...
Trace|Writing image...
Trace|Image 61 offset is 37364...
Debug|Encoding image 61...
Trace|Extracting palette...
Trace|Palette item 0: R FF, G FF, B FF
Trace|Palette item 1: R 00, G 00, B 00
Trace|Writing image header...
Trace|Width: 6, Height: 12, RowLength: 1
Trace|BPP: 1, PaletteColors: 2, Transaparency: 0
Trace|Writing palette...
Trace|Writing image...
Trace|Image 62 offset is 37400...
Debug|Encoding image 62...
Trace|Extracting palette...
Trace|Palette item 0: R 00, G 00, B 00
Trace|Palette item 1: R FF, G FF, B FF
Trace|Writing image header...
Trace|Width: 6, Height: 12, RowLength: 1
Trace|BPP: 1, PaletteColors: 2, Transaparency: 0
Trace|Writing palette...
Trace|Writing image...
Trace|Image 63 offset is 37436...
Debug|Encoding image 63...
Trace|Extracting palette...
Trace|Palette item 0: R FF, G FF, B FF
Trace|Palette item 1: R 00, G 00, B 00
Trace|Writing image header...
Trace|Width: 6, Height: 12, RowLength: 1
Trace|BPP: 1, PaletteColors: 2, Transaparency: 0
Trace|Writing palette...
Trace|Writing image...
Trace|Image 64 offset is 37472...
Debug|Encoding image 64...
Trace|Extracting palette...
Trace|Palette item 0: R 00, G 00, B 00
Trace|Palette item 1: R FF, G FF, B FF
Trace|Writing image header...
Trace|Width: 6, Height: 12, RowLength: 1
Trace|BPP: 1, PaletteColors: 2, Transaparency: 0
Trace|Writing palette...
Trace|Writing image...
Trace|Image 65 offset is 37508...
Debug|Encoding image 65...
Trace|Extracting palette...
Trace|Palette item 0: R 00, G 00, B 00
Trace|Palette item 1: R FF, G FF, B FF
Trace|Writing image header...
Trace|Width: 6, Height: 12, RowLength: 1
Trace|BPP: 1, PaletteColors: 2, Transaparency: 0
Trace|Writing palette...
Trace|Writing image...
Trace|Image 66 offset is 37544...
Debug|Encoding image 66...
Trace|Extracting palette...
Trace|Palette item 0: R 00, G 00, B 00
Trace|Palette item 1: R FF, G FF, B FF
Trace|Writing image header...
Trace|Width: 3, Height: 12, RowLength: 1
Trace|BPP: 1, PaletteColors: 2, Transaparency: 0
Trace|Writing palette...
Trace|Writing image...
Trace|Image 67 offset is 37580...
Debug|Encoding image 67...
Trace|Extracting palette...
Trace|Palette item 0: R 00, G 00, B 00
Trace|Palette item 1: R FF, G FF, B FF
Trace|Writing image header...
Trace|Width: 12, Height: 14, RowLength: 2
Trace|BPP: 1, PaletteColors: 2, Transaparency: 0
Trace|Writing palette...
Trace|Writing image...
Trace|Image 68 offset is 37632...
Debug|Encoding image 68...
Trace|Extracting palette...
Trace|Palette item 0: R 00, G 00, B 00
Trace|Palette item 1: R FF, G FF, B FF
Trace|Palette item 2: R FF, G 00, B 00
Trace|Writing image header...
Trace|Width: 12, Height: 14, RowLength: 3
Trace|BPP: 2, PaletteColors: 3, Transaparency: 0
Trace|Writing palette...
Trace|Writing image...
Trace|Image 69 offset is 37702...
Debug|Encoding image 69...
Trace|Extracting palette...
Trace|Palette item 0: R 00, G 00, B 00
Trace|Palette item 1: R FF, G FF, B FF
Trace|Writing image header...
Trace|Width: 10, Height: 11, RowLength: 2
Trace|BPP: 1, PaletteColors: 2, Transaparency: 0
Trace|Writing palette...
Trace|Writing image...
Trace|Image 70 offset is 37748...
Debug|Encoding image 70...
Trace|Extracting palette...
Trace|Palette item 0: R FF, G FF, B FF
Trace|Palette item 1: R 00, G 00, B 00, Transaparent color
Trace|Writing image header...
Trace|Width: 5, Height: 9, RowLength: 1
Trace|BPP: 1, PaletteColors: 2, Transaparency: 1
Trace|Writing palette...
Trace|Writing image...
Trace|Image 71 offset is 37781...
Debug|Encoding image 71...
Trace|Extracting palette...
Trace|Palette item 0: R 00, G 00, B 00, Transaparent color
Trace|Palette item 1: R FF, G FF, B FF
Trace|Writing image header...
Trace|Width: 5, Height: 9, RowLength: 1
Trace|BPP: 1, PaletteColors: 2, Transaparency: 1
Trace|Writing palette...
Trace|Writing image...
Trace|Image 72 offset is 37814...
Debug|Encoding image 72...
Trace|Extracting palette...
Trace|Palette item 0: R FF, G FF, B FF
Trace|Palette item 1: R 00, G 00, B 00, Transaparent color
Trace|Writing image header...
Trace|Width: 5, Height: 9, RowLength: 1
Trace|BPP: 1, PaletteColors: 2, Transaparency: 1
Trace|Writing palette...
Trace|Writing image...
Trace|Image 73 offset is 37847...
Debug|Encoding image 73...
Trace|Extracting palette...
Trace|Palette item 0: R FF, G FF, B FF
Trace|Palette item 1: R 00, G 00, B 00, Transaparent color
Trace|Writing image header...
Trace|Width: 5, Height: 9, RowLength: 1
Trace|BPP: 1, PaletteColors: 2, Transaparency: 1
Trace|Writing palette...
Trace|Writing image...
Trace|Image 74 offset is 37880...
Debug|Encoding image 74...
Trace|Extracting palette...
Trace|Palette item 0: R FF, G FF, B FF
Trace|Palette item 1: R 00, G 00, B 00, Transaparent color
Trace|Writing image header...
Trace|Width: 5, Height: 9, RowLength: 1
Trace|BPP: 1, PaletteColors: 2, Transaparency: 1
Trace|Writing palette...
Trace|Writing image...
Trace|Image 75 offset is 37913...
Debug|Encoding image 75...
Trace|Extracting palette...
Trace|Palette item 0: R FF, G FF, B FF
Trace|Palette item 1: R 00, G 00, B 00, Transaparent color
Trace|Writing image header...
Trace|Width: 5, Height: 9, RowLength: 1
Trace|BPP: 1, PaletteColors: 2, Transaparency: 1
Trace|Writing palette...
Trace|Writing image...
Trace|Image 76 offset is 37946...
Debug|Encoding image 76...
Trace|Extracting palette...
Trace|Palette item 0: R FF, G FF, B FF
Trace|Palette item 1: R 00, G 00, B 00, Transaparent color
Trace|Writing image header...
Trace|Width: 5, Height: 9, RowLength: 1
Trace|BPP: 1, PaletteColors: 2, Transaparency: 1
Trace|Writing palette...
Trace|Writing image...
Trace|Image 77 offset is 37979...
Debug|Encoding image 77...
Trace|Extracting palette...
Trace|Palette item 0: R FF, G FF, B FF
Trace|Palette item 1: R 00, G 00, B 00, Transaparent color
Trace|Writing image header...
Trace|Width: 5, Height: 9, RowLength: 1
Trace|BPP: 1, PaletteColors: 2, Transaparency: 1
Trace|Writing palette...
Trace|Writing image...
Trace|Image 78 offset is 38012...
Debug|Encoding image 78...
Trace|Extracting palette...
Trace|Palette item 0: R FF, G FF, B FF
Trace|Palette item 1: R 00, G 00, B 00, Transaparent color
Trace|Writing image header...
Trace|Width: 5, Height: 9, RowLength: 1
Trace|BPP: 1, PaletteColors: 2, Transaparency: 1
Trace|Writing palette...
Trace|Writing image...
Trace|Image 79 offset is 38045...
Debug|Encoding image 79...
Trace|Extracting palette...
Trace|Palette item 0: R FF, G FF, B FF
Trace|Palette item 1: R 00, G 00, B 00, Transaparent color
Trace|Writing image header...
Trace|Width: 5, Height: 9, RowLength: 1
Trace|BPP: 1, PaletteColors: 2, Transaparency: 1
Trace|Writing palette...
Trace|Writing image...
Trace|Image 80 offset is 38078...
Debug|Encoding image 80...
Trace|Extracting palette...
Trace|Palette item 0: R FF, G 00, B 00
Trace|Palette item 1: R 00, G 00, B 00, Transaparent color
Trace|Writing image header...
Trace|Width: 20, Height: 10, RowLength: 3
Trace|BPP: 1, PaletteColors: 2, Transaparency: 1
Trace|Writing palette...
Trace|Writing image...
Trace|Image 81 offset is 38132...
Debug|Encoding image 81...
Trace|Extracting palette...
Trace|Palette item 0: R FF, G 00, B 00
Trace|Palette item 1: R 00, G 00, B 00, Transaparent color
Trace|Writing image header...
Trace|Width: 20, Height: 10, RowLength: 3
Trace|BPP: 1, PaletteColors: 2, Transaparency: 1
Trace|Writing palette...
Trace|Writing image...
Trace|Image 82 offset is 38186...
Debug|Encoding image 82...
Trace|Extracting palette...
Trace|Palette item 0: R 00, G 00, B 00, Transaparent color
Trace|Palette item 1: R FF, G 00, B 00
Trace|Writing image header...
Trace|Width: 20, Height: 10, RowLength: 3
Trace|BPP: 1, PaletteColors: 2, Transaparency: 1
Trace|Writing palette...
Trace|Writing image...
Trace|Image 83 offset is 38240...
Debug|Encoding image 83...
Trace|Extracting palette...
Trace|Palette item 0: R 00, G 00, B 00, Transaparent color
Trace|Palette item 1: R FF, G 00, B 00
Trace|Writing image header...
Trace|Width: 20, Height: 10, RowLength: 3
Trace|BPP: 1, PaletteColors: 2, Transaparency: 1
Trace|Writing palette...
Trace|Writing image...
Trace|Image 84 offset is 38294...
Debug|Encoding image 84...
Trace|Extracting palette...
Trace|Palette item 0: R 00, G 00, B 00, Transaparent color
Trace|Palette item 1: R FF, G FF, B 00
Trace|Writing image header...
Trace|Width: 20, Height: 10, RowLength: 3
Trace|BPP: 1, PaletteColors: 2, Transaparency: 1
Trace|Writing palette...
Trace|Writing image...
Trace|Image 85 offset is 38348...
Debug|Encoding image 85...
Trace|Extracting palette...
Trace|Palette item 0: R 00, G 00, B 00, Transaparent color
Trace|Palette item 1: R FF, G FF, B 00
Trace|Writing image header...
Trace|Width: 20, Height: 10, RowLength: 3
Trace|BPP: 1, PaletteColors: 2, Transaparency: 1
Trace|Writing palette...
Trace|Writing image...
Trace|Image 86 offset is 38402...
Debug|Encoding image 86...
Trace|Extracting palette...
Trace|Palette item 0: R 00, G 00, B 00, Transaparent color
Trace|Palette item 1: R FF, G FF, B FF
Trace|Writing image header...
Trace|Width: 20, Height: 10, RowLength: 3
Trace|BPP: 1, PaletteColors: 2, Transaparency: 1
Trace|Writing palette...
Trace|Writing image...
Trace|Image 87 offset is 38456...
Debug|Encoding image 87...
Trace|Extracting palette...
Trace|Palette item 0: R 00, G 00, B 00, Transaparent color
Trace|Palette item 1: R FF, G FF, B FF
Trace|Writing image header...
Trace|Width: 20, Height: 10, RowLength: 3
Trace|BPP: 1, PaletteColors: 2, Transaparency: 1
Trace|Writing palette...
Trace|Writing image...
Trace|Image 88 offset is 38510...
Debug|Encoding image 88...
Trace|Extracting palette...
Trace|Palette item 0: R 00, G 00, B 00, Transaparent color
Trace|Palette item 1: R 00, G FF, B 00
Trace|Writing image header...
Trace|Width: 20, Height: 10, RowLength: 3
Trace|BPP: 1, PaletteColors: 2, Transaparency: 1
Trace|Writing palette...
Trace|Writing image...
Trace|Image 89 offset is 38564...
Debug|Encoding image 89...
Trace|Extracting palette...
Trace|Palette item 0: R 00, G 00, B 00, Transaparent color
Trace|Palette item 1: R 00, G FF, B 00
Trace|Writing image header...
Trace|Width: 20, Height: 10, RowLength: 3
Trace|BPP: 1, PaletteColors: 2, Transaparency: 1
Trace|Writing palette...
Trace|Writing image...
Trace|Writing images offsets table
Debug|Writing images
