Debug|Reading config...
Debug|Reading referenced images from 'C:\Архив\Программирование\AmazfitBipSkin\MY_RU_2127_cop'
Trace|Loading images for 2 'Background'
Trace|Loading images for 2.1 'Image'
Trace|Loading image 0...
Trace|Image was loaded from file C:\Архив\Программирование\AmazfitBipSkin\MY_RU_2127_cop\0000.png
Warn|Dithering applied for an image. Resource in watch face will use only supported colors. You can't get back original image by unpacking watch face.
Trace|Loading images for 3 'Time'
Trace|Loading images for 3.1 'TwoDigits'
Trace|Loading images for 3.1.1 'ImageSet'
Trace|Loading image 1...
Trace|Image was loaded from file C:\Архив\Программирование\AmazfitBipSkin\MY_RU_2127_cop\0001.png
Trace|Loading image 2...
Trace|Image was loaded from file C:\Архив\Программирование\AmazfitBipSkin\MY_RU_2127_cop\0002.png
Trace|Loading image 3...
Trace|Image was loaded from file C:\Архив\Программирование\AmazfitBipSkin\MY_RU_2127_cop\0003.png
Trace|Loading image 4...
Trace|Image was loaded from file C:\Архив\Программирование\AmazfitBipSkin\MY_RU_2127_cop\0004.png
Trace|Loading image 5...
Trace|Image was loaded from file C:\Архив\Программирование\AmazfitBipSkin\MY_RU_2127_cop\0005.png
Trace|Loading image 6...
Trace|Image was loaded from file C:\Архив\Программирование\AmazfitBipSkin\MY_RU_2127_cop\0006.png
Trace|Loading image 7...
Trace|Image was loaded from file C:\Архив\Программирование\AmazfitBipSkin\MY_RU_2127_cop\0007.png
Trace|Loading image 8...
Trace|Image was loaded from file C:\Архив\Программирование\AmazfitBipSkin\MY_RU_2127_cop\0008.png
Trace|Loading image 9...
Trace|Image was loaded from file C:\Архив\Программирование\AmazfitBipSkin\MY_RU_2127_cop\0009.png
Trace|Loading image 10...
Trace|Image was loaded from file C:\Архив\Программирование\AmazfitBipSkin\MY_RU_2127_cop\0010.png
Trace|Loading images for 3.1.2 'ImageSet'
Trace|Loading images for 3.2 'TwoDigits'
Trace|Loading images for 3.2.1 'ImageSet'
Trace|Loading images for 3.2.2 'ImageSet'
Trace|Loading images for 4 'Activity'
Trace|Loading images for 4.4 'Number'
Trace|Loading images for 4.4.5 'TextAlignment'
Trace|Loading image 11...
Trace|Image was loaded from file C:\Архив\Программирование\AmazfitBipSkin\MY_RU_2127_cop\0011.png
Trace|Loading image 12...
Trace|Image was loaded from file C:\Архив\Программирование\AmazfitBipSkin\MY_RU_2127_cop\0012.png
Trace|Loading image 13...
Trace|Image was loaded from file C:\Архив\Программирование\AmazfitBipSkin\MY_RU_2127_cop\0013.png
Trace|Loading image 14...
Trace|Image was loaded from file C:\Архив\Программирование\AmazfitBipSkin\MY_RU_2127_cop\0014.png
Trace|Loading image 15...
Trace|Image was loaded from file C:\Архив\Программирование\AmazfitBipSkin\MY_RU_2127_cop\0015.png
Trace|Loading image 16...
Trace|Image was loaded from file C:\Архив\Программирование\AmazfitBipSkin\MY_RU_2127_cop\0016.png
Trace|Loading image 17...
Trace|Image was loaded from file C:\Архив\Программирование\AmazfitBipSkin\MY_RU_2127_cop\0017.png
Trace|Loading image 18...
Trace|Image was loaded from file C:\Архив\Программирование\AmazfitBipSkin\MY_RU_2127_cop\0018.png
Trace|Loading image 19...
Trace|Image was loaded from file C:\Архив\Программирование\AmazfitBipSkin\MY_RU_2127_cop\0019.png
Trace|Loading image 20...
Trace|Image was loaded from file C:\Архив\Программирование\AmazfitBipSkin\MY_RU_2127_cop\0020.png
Trace|Loading images for 5 'Date'
Trace|Loading images for 5.1 'MonthAndDay'
Trace|Loading images for 5.1.1 'SeparateMonthAndDay'
Trace|Loading images for 5.1.1.1 'Number'
Trace|Loading images for 5.1.1.1.5 'TextAlignment'
Trace|Loading images for 5.1.1.3 'Number'
Trace|Loading images for 5.1.1.3.5 'TextAlignment'
Trace|Loading images for 5.1.3 'Boolean'
Trace|Loading images for 5.1.4 'Boolean'
Trace|Loading images for 5.2 'ImageSet'
Trace|Loading image 21...
Trace|Image was loaded from file C:\Архив\Программирование\AmazfitBipSkin\MY_RU_2127_cop\0021.png
Trace|Loading image 22...
Trace|Image was loaded from file C:\Архив\Программирование\AmazfitBipSkin\MY_RU_2127_cop\0022.png
Trace|Loading image 23...
Trace|Image was loaded from file C:\Архив\Программирование\AmazfitBipSkin\MY_RU_2127_cop\0023.png
Trace|Loading image 24...
Trace|Image was loaded from file C:\Архив\Программирование\AmazfitBipSkin\MY_RU_2127_cop\0024.png
Trace|Loading image 25...
Trace|Image was loaded from file C:\Архив\Программирование\AmazfitBipSkin\MY_RU_2127_cop\0025.png
Trace|Loading image 26...
Trace|Image was loaded from file C:\Архив\Программирование\AmazfitBipSkin\MY_RU_2127_cop\0026.png
Trace|Loading image 27...
Trace|Image was loaded from file C:\Архив\Программирование\AmazfitBipSkin\MY_RU_2127_cop\0027.png
Trace|Loading images for 9 'Battery'
Trace|Loading images for 9.2 'ImageSet'
Trace|Loading image 28...
Trace|Image was loaded from file C:\Архив\Программирование\AmazfitBipSkin\MY_RU_2127_cop\0031.png
Trace|Loading image 29...
Trace|Image was loaded from file C:\Архив\Программирование\AmazfitBipSkin\MY_RU_2127_cop\0032.png
Trace|Loading image 30...
Trace|Image was loaded from file C:\Архив\Программирование\AmazfitBipSkin\MY_RU_2127_cop\0033.png
Trace|Loading image 31...
Trace|Image was loaded from file C:\Архив\Программирование\AmazfitBipSkin\MY_RU_2127_cop\0034.png
Trace|Loading image 32...
Trace|Image was loaded from file C:\Архив\Программирование\AmazfitBipSkin\MY_RU_2127_cop\0035.png
Trace|Loading image 33...
Trace|Image was loaded from file C:\Архив\Программирование\AmazfitBipSkin\MY_RU_2127_cop\0036.png
Trace|Loading image 34...
Trace|Image was loaded from file C:\Архив\Программирование\AmazfitBipSkin\MY_RU_2127_cop\0037.png
Trace|Loading image 35...
Trace|Image was loaded from file C:\Архив\Программирование\AmazfitBipSkin\MY_RU_2127_cop\0038.png
Trace|Loading image 36...
Trace|Image was loaded from file C:\Архив\Программирование\AmazfitBipSkin\MY_RU_2127_cop\0039.png
Trace|Loading image 37...
Trace|Image was loaded from file C:\Архив\Программирование\AmazfitBipSkin\MY_RU_2127_cop\0040.png
Trace|Building parameters for watch face...
Trace|2 'Background'
Trace|2.1 'Image'
Trace|2.1.1 'X': 0
Trace|2.1.2 'Y': 0
Trace|2.1.3 'ImageIndex': 0
Trace|3 'Time'
Trace|3.1 'TwoDigits'
Trace|3.1.1 'ImageSet'
Trace|3.1.1.1 'X': 1
Trace|3.1.1.2 'Y': 33
Trace|3.1.1.3 'ImageIndex': 1
Trace|3.1.1.4 'ImagesCount': 10
Trace|3.1.2 'ImageSet'
Trace|3.1.2.1 'X': 43
Trace|3.1.2.2 'Y': 33
Trace|3.1.2.3 'ImageIndex': 1
Trace|3.1.2.4 'ImagesCount': 10
Trace|3.2 'TwoDigits'
Trace|3.2.1 'ImageSet'
Trace|3.2.1.1 'X': 95
Trace|3.2.1.2 'Y': 33
Trace|3.2.1.3 'ImageIndex': 1
Trace|3.2.1.4 'ImagesCount': 10
Trace|3.2.2 'ImageSet'
Trace|3.2.2.1 'X': 137
Trace|3.2.2.2 'Y': 33
Trace|3.2.2.3 'ImageIndex': 1
Trace|3.2.2.4 'ImagesCount': 10
Trace|4 'Activity'
Trace|4.4 'Number'
Trace|4.4.1 'TopLeftX': 1
Trace|4.4.2 'TopLeftY': 148
Trace|4.4.3 'BottomRightX': 55
Trace|4.4.4 'BottomRightY': 172
Trace|4.4.5 'Alignment': 18
Trace|4.4.6 'Spacing': 2
Trace|4.4.7 'ImageIndex': 11
Trace|4.4.8 'ImagesCount': 10
Trace|5 'Date'
Trace|5.1 'MonthAndDay'
Trace|5.1.1 'SeparateMonthAndDay'
Trace|5.1.1.1 'Number'
Trace|5.1.1.1.1 'TopLeftX': 78
Trace|5.1.1.1.2 'TopLeftY': 5
Trace|5.1.1.1.3 'BottomRightX': 111
Trace|5.1.1.1.4 'BottomRightY': 26
Trace|5.1.1.1.5 'Alignment': 18
Trace|5.1.1.1.6 'Spacing': 2
Trace|5.1.1.1.7 'ImageIndex': 11
Trace|5.1.1.1.8 'ImagesCount': 10
Trace|5.1.1.3 'Number'
Trace|5.1.1.3.1 'TopLeftX': 33
Trace|5.1.1.3.2 'TopLeftY': 5
Trace|5.1.1.3.3 'BottomRightX': 66
Trace|5.1.1.3.4 'BottomRightY': 26
Trace|5.1.1.3.5 'Alignment': 20
Trace|5.1.1.3.6 'Spacing': 2
Trace|5.1.1.3.7 'ImageIndex': 11
Trace|5.1.1.3.8 'ImagesCount': 10
Trace|5.1.3 'TwoDigitsMonth': 1
Trace|5.1.4 'TwoDigitsDay': 1
Trace|5.2 'ImageSet'
Trace|5.2.1 'X': 118
Trace|5.2.2 'Y': 6
Trace|5.2.3 'ImageIndex': 21
Trace|5.2.4 'ImagesCount': 7
Trace|9 'Battery'
Trace|9.2 'ImageSet'
Trace|9.2.1 'X': 58
Trace|9.2.2 'Y': 131
Trace|9.2.3 'ImageIndex': 28
Trace|9.2.4 'ImagesCount': 10
Debug|Generating previews...
Debug|Writing watch face to 'C:\Архив\Программирование\AmazfitBipSkin\MY_RU_2127_cop\MY_RU_2127_mama_packed.bin'
Trace|Encoding parameters...
Trace|Parameter: 2
Trace|1 (0A):
Trace|    1 (08): 0 (00)
Trace|    2 (10): 0 (00)
Trace|    3 (18): 0 (00)
Trace|8 bytes
Trace|Parameter: 3
Trace|1 (0A):
Trace|    1 (0A):
Trace|        1 (08): 1 (01)
Trace|        2 (10): 33 (21)
Trace|        3 (18): 1 (01)
Trace|        4 (20): 10 (0A)
Trace|    10 bytes
Trace|    2 (12):
Trace|        1 (08): 43 (2B)
Trace|        2 (10): 33 (21)
Trace|        3 (18): 1 (01)
Trace|        4 (20): 10 (0A)
Trace|    10 bytes
Trace|22 bytes
Trace|2 (12):
Trace|    1 (0A):
Trace|        1 (08): 95 (5F)
Trace|        2 (10): 33 (21)
Trace|        3 (18): 1 (01)
Trace|        4 (20): 10 (0A)
Trace|    10 bytes
Trace|    2 (12):
Trace|        1 (08): 137 (89)
Trace|        2 (10): 33 (21)
Trace|        3 (18): 1 (01)
Trace|        4 (20): 10 (0A)
Trace|    11 bytes
Trace|23 bytes
Trace|Parameter: 4
Trace|4 (22):
Trace|    1 (08): 1 (01)
Trace|    2 (10): 148 (94)
Trace|    3 (18): 55 (37)
Trace|    4 (20): 172 (AC)
Trace|    5 (28): 18 (12)
Trace|    6 (30): 2 (02)
Trace|    7 (38): 11 (0B)
Trace|    8 (40): 10 (0A)
Trace|20 bytes
Trace|Parameter: 5
Trace|1 (0A):
Trace|    1 (0A):
Trace|        1 (0A):
Trace|            1 (08): 78 (4E)
Trace|            2 (10): 5 (05)
Trace|            3 (18): 111 (6F)
Trace|            4 (20): 26 (1A)
Trace|            5 (28): 18 (12)
Trace|            6 (30): 2 (02)
Trace|            7 (38): 11 (0B)
Trace|            8 (40): 10 (0A)
Trace|        18 bytes
Trace|        3 (1A):
Trace|            1 (08): 33 (21)
Trace|            2 (10): 5 (05)
Trace|            3 (18): 66 (42)
Trace|            4 (20): 26 (1A)
Trace|            5 (28): 20 (14)
Trace|            6 (30): 2 (02)
Trace|            7 (38): 11 (0B)
Trace|            8 (40): 10 (0A)
Trace|        18 bytes
Trace|    38 bytes
Trace|    3 (18): 1 (01)
Trace|    4 (20): 1 (01)
Trace|44 bytes
Trace|2 (12):
Trace|    1 (08): 118 (76)
Trace|    2 (10): 6 (06)
Trace|    3 (18): 21 (15)
Trace|    4 (20): 7 (07)
Trace|10 bytes
Trace|Parameter: 9
Trace|2 (12):
Trace|    1 (08): 58 (3A)
Trace|    2 (10): 131 (83)
Trace|    3 (18): 28 (1C)
Trace|    4 (20): 10 (0A)
Trace|11 bytes
Trace|Encoding offsets and lengths...
Trace|1 (0A):
Trace|    1 (08): 138 (8A)
Trace|    2 (10): 38 (26)
Trace|7 bytes
Trace|2 (12):
Trace|    1 (08): 0 (00)
Trace|    2 (10): 8 (08)
Trace|6 bytes
Trace|3 (1A):
Trace|    1 (08): 8 (08)
Trace|    2 (10): 45 (2D)
Trace|6 bytes
Trace|4 (22):
Trace|    1 (08): 53 (35)
Trace|    2 (10): 20 (14)
Trace|6 bytes
Trace|5 (2A):
Trace|    1 (08): 73 (49)
Trace|    2 (10): 54 (36)
Trace|6 bytes
Trace|9 (4A):
Trace|    1 (08): 127 (7F)
Trace|    2 (10): 11 (0B)
Trace|6 bytes
Trace|Writing header...
Trace|Writing parameters offsets and lengths...
Trace|Writing parameters...
Trace|Writing images...
Trace|Image 0 offset is 0...
Debug|Encoding image 0...
Trace|Extracting palette...
Trace|Palette item 0: R 00, G 00, B 00
Trace|Palette item 1: R FF, G FF, B FF
Trace|Palette item 2: R FF, G 00, B 00
Trace|Palette item 3: R 00, G 00, B FF
Trace|Palette item 4: R FF, G FF, B 00
Trace|Palette item 5: R 00, G FF, B FF
Trace|Palette item 6: R 00, G FF, B 00
Trace|Palette item 7: R FF, G 00, B FF
Trace|Writing image header...
Trace|Width: 176, Height: 176, RowLength: 88
Trace|BPP: 4, PaletteColors: 8, Transaparency: 0
Trace|Writing palette...
Trace|Writing image...
Trace|Image 1 offset is 15536...
Debug|Encoding image 1...
Trace|Extracting palette...
Trace|Palette item 0: R 00, G 00, B 00, Transaparent color
Trace|Palette item 1: R FF, G FF, B FF
Trace|Writing image header...
Trace|Width: 37, Height: 89, RowLength: 5
Trace|BPP: 1, PaletteColors: 2, Transaparency: 1
Trace|Writing palette...
Trace|Writing image...
Trace|Image 2 offset is 16005...
Debug|Encoding image 2...
Trace|Extracting palette...
Trace|Palette item 0: R 00, G 00, B 00, Transaparent color
Trace|Palette item 1: R FF, G FF, B FF
Trace|Writing image header...
Trace|Width: 37, Height: 89, RowLength: 5
Trace|BPP: 1, PaletteColors: 2, Transaparency: 1
Trace|Writing palette...
Trace|Writing image...
Trace|Image 3 offset is 16474...
Debug|Encoding image 3...
Trace|Extracting palette...
Trace|Palette item 0: R 00, G 00, B 00, Transaparent color
Trace|Palette item 1: R FF, G FF, B FF
Trace|Writing image header...
Trace|Width: 37, Height: 89, RowLength: 5
Trace|BPP: 1, PaletteColors: 2, Transaparency: 1
Trace|Writing palette...
Trace|Writing image...
Trace|Image 4 offset is 16943...
Debug|Encoding image 4...
Trace|Extracting palette...
Trace|Palette item 0: R 00, G 00, B 00, Transaparent color
Trace|Palette item 1: R FF, G FF, B FF
Trace|Writing image header...
Trace|Width: 37, Height: 89, RowLength: 5
Trace|BPP: 1, PaletteColors: 2, Transaparency: 1
Trace|Writing palette...
Trace|Writing image...
Trace|Image 5 offset is 17412...
Debug|Encoding image 5...
Trace|Extracting palette...
Trace|Palette item 0: R 00, G 00, B 00, Transaparent color
Trace|Palette item 1: R FF, G FF, B FF
Trace|Writing image header...
Trace|Width: 37, Height: 89, RowLength: 5
Trace|BPP: 1, PaletteColors: 2, Transaparency: 1
Trace|Writing palette...
Trace|Writing image...
Trace|Image 6 offset is 17881...
Debug|Encoding image 6...
Trace|Extracting palette...
Trace|Palette item 0: R 00, G 00, B 00, Transaparent color
Trace|Palette item 1: R FF, G FF, B FF
Trace|Writing image header...
Trace|Width: 37, Height: 89, RowLength: 5
Trace|BPP: 1, PaletteColors: 2, Transaparency: 1
Trace|Writing palette...
Trace|Writing image...
Trace|Image 7 offset is 18350...
Debug|Encoding image 7...
Trace|Extracting palette...
Trace|Palette item 0: R 00, G 00, B 00, Transaparent color
Trace|Palette item 1: R FF, G FF, B FF
Trace|Writing image header...
Trace|Width: 36, Height: 89, RowLength: 5
Trace|BPP: 1, PaletteColors: 2, Transaparency: 1
Trace|Writing palette...
Trace|Writing image...
Trace|Image 8 offset is 18819...
Debug|Encoding image 8...
Trace|Extracting palette...
Trace|Palette item 0: R FF, G FF, B FF
Trace|Palette item 1: R 00, G 00, B 00, Transaparent color
Trace|Writing image header...
Trace|Width: 37, Height: 89, RowLength: 5
Trace|BPP: 1, PaletteColors: 2, Transaparency: 1
Trace|Writing palette...
Trace|Writing image...
Trace|Image 9 offset is 19288...
Debug|Encoding image 9...
Trace|Extracting palette...
Trace|Palette item 0: R 00, G 00, B 00, Transaparent color
Trace|Palette item 1: R FF, G FF, B FF
Trace|Writing image header...
Trace|Width: 37, Height: 89, RowLength: 5
Trace|BPP: 1, PaletteColors: 2, Transaparency: 1
Trace|Writing palette...
Trace|Writing image...
Trace|Image 10 offset is 19757...
Debug|Encoding image 10...
Trace|Extracting palette...
Trace|Palette item 0: R 00, G 00, B 00, Transaparent color
Trace|Palette item 1: R FF, G FF, B FF
Trace|Writing image header...
Trace|Width: 37, Height: 89, RowLength: 5
Trace|BPP: 1, PaletteColors: 2, Transaparency: 1
Trace|Writing palette...
Trace|Writing image...
Trace|Image 11 offset is 20226...
Debug|Encoding image 11...
Trace|Extracting palette...
Trace|Palette item 0: R 00, G 00, B 00, Transaparent color
Trace|Palette item 1: R FF, G FF, B FF
Trace|Writing image header...
Trace|Width: 16, Height: 22, RowLength: 2
Trace|BPP: 1, PaletteColors: 2, Transaparency: 1
Trace|Writing palette...
Trace|Writing image...
Trace|Image 12 offset is 20294...
Debug|Encoding image 12...
Trace|Extracting palette...
Trace|Palette item 0: R 00, G 00, B 00, Transaparent color
Trace|Palette item 1: R FF, G FF, B FF
Trace|Writing image header...
Trace|Width: 16, Height: 22, RowLength: 2
Trace|BPP: 1, PaletteColors: 2, Transaparency: 1
Trace|Writing palette...
Trace|Writing image...
Trace|Image 13 offset is 20362...
Debug|Encoding image 13...
Trace|Extracting palette...
Trace|Palette item 0: R 00, G 00, B 00, Transaparent color
Trace|Palette item 1: R FF, G FF, B FF
Trace|Writing image header...
Trace|Width: 16, Height: 22, RowLength: 2
Trace|BPP: 1, PaletteColors: 2, Transaparency: 1
Trace|Writing palette...
Trace|Writing image...
Trace|Image 14 offset is 20430...
Debug|Encoding image 14...
Trace|Extracting palette...
Trace|Palette item 0: R 00, G 00, B 00, Transaparent color
Trace|Palette item 1: R FF, G FF, B FF
Trace|Writing image header...
Trace|Width: 16, Height: 22, RowLength: 2
Trace|BPP: 1, PaletteColors: 2, Transaparency: 1
Trace|Writing palette...
Trace|Writing image...
Trace|Image 15 offset is 20498...
Debug|Encoding image 15...
Trace|Extracting palette...
Trace|Palette item 0: R 00, G 00, B 00, Transaparent color
Trace|Palette item 1: R FF, G FF, B FF
Trace|Writing image header...
Trace|Width: 16, Height: 22, RowLength: 2
Trace|BPP: 1, PaletteColors: 2, Transaparency: 1
Trace|Writing palette...
Trace|Writing image...
Trace|Image 16 offset is 20566...
Debug|Encoding image 16...
Trace|Extracting palette...
Trace|Palette item 0: R 00, G 00, B 00, Transaparent color
Trace|Palette item 1: R FF, G FF, B FF
Trace|Writing image header...
Trace|Width: 16, Height: 22, RowLength: 2
Trace|BPP: 1, PaletteColors: 2, Transaparency: 1
Trace|Writing palette...
Trace|Writing image...
Trace|Image 17 offset is 20634...
Debug|Encoding image 17...
Trace|Extracting palette...
Trace|Palette item 0: R 00, G 00, B 00, Transaparent color
Trace|Palette item 1: R FF, G FF, B FF
Trace|Writing image header...
Trace|Width: 16, Height: 22, RowLength: 2
Trace|BPP: 1, PaletteColors: 2, Transaparency: 1
Trace|Writing palette...
Trace|Writing image...
Trace|Image 18 offset is 20702...
Debug|Encoding image 18...
Trace|Extracting palette...
Trace|Palette item 0: R 00, G 00, B 00, Transaparent color
Trace|Palette item 1: R FF, G FF, B FF
Trace|Writing image header...
Trace|Width: 16, Height: 22, RowLength: 2
Trace|BPP: 1, PaletteColors: 2, Transaparency: 1
Trace|Writing palette...
Trace|Writing image...
Trace|Image 19 offset is 20770...
Debug|Encoding image 19...
Trace|Extracting palette...
Trace|Palette item 0: R 00, G 00, B 00, Transaparent color
Trace|Palette item 1: R FF, G FF, B FF
Trace|Writing image header...
Trace|Width: 16, Height: 22, RowLength: 2
Trace|BPP: 1, PaletteColors: 2, Transaparency: 1
Trace|Writing palette...
Trace|Writing image...
Trace|Image 20 offset is 20838...
Debug|Encoding image 20...
Trace|Extracting palette...
Trace|Palette item 0: R 00, G 00, B 00, Transaparent color
Trace|Palette item 1: R FF, G FF, B FF
Trace|Writing image header...
Trace|Width: 16, Height: 22, RowLength: 2
Trace|BPP: 1, PaletteColors: 2, Transaparency: 1
Trace|Writing palette...
Trace|Writing image...
Trace|Image 21 offset is 20906...
Debug|Encoding image 21...
Trace|Extracting palette...
Trace|Palette item 0: R 00, G 00, B 00, Transaparent color
Trace|Palette item 1: R FF, G FF, B FF
Trace|Writing image header...
Trace|Width: 30, Height: 15, RowLength: 4
Trace|BPP: 1, PaletteColors: 2, Transaparency: 1
Trace|Writing palette...
Trace|Writing image...
Trace|Image 22 offset is 20990...
Debug|Encoding image 22...
Trace|Extracting palette...
Trace|Palette item 0: R 00, G 00, B 00, Transaparent color
Trace|Palette item 1: R FF, G FF, B FF
Trace|Writing image header...
Trace|Width: 30, Height: 15, RowLength: 4
Trace|BPP: 1, PaletteColors: 2, Transaparency: 1
Trace|Writing palette...
Trace|Writing image...
Trace|Image 23 offset is 21074...
Debug|Encoding image 23...
Trace|Extracting palette...
Trace|Palette item 0: R 00, G 00, B 00, Transaparent color
Trace|Palette item 1: R FF, G FF, B FF
Trace|Writing image header...
Trace|Width: 30, Height: 15, RowLength: 4
Trace|BPP: 1, PaletteColors: 2, Transaparency: 1
Trace|Writing palette...
Trace|Writing image...
Trace|Image 24 offset is 21158...
Debug|Encoding image 24...
Trace|Extracting palette...
Trace|Palette item 0: R 00, G 00, B 00, Transaparent color
Trace|Palette item 1: R FF, G FF, B FF
Trace|Writing image header...
Trace|Width: 30, Height: 15, RowLength: 4
Trace|BPP: 1, PaletteColors: 2, Transaparency: 1
Trace|Writing palette...
Trace|Writing image...
Trace|Image 25 offset is 21242...
Debug|Encoding image 25...
Trace|Extracting palette...
Trace|Palette item 0: R 00, G 00, B 00, Transaparent color
Trace|Palette item 1: R FF, G FF, B FF
Trace|Writing image header...
Trace|Width: 30, Height: 15, RowLength: 4
Trace|BPP: 1, PaletteColors: 2, Transaparency: 1
Trace|Writing palette...
Trace|Writing image...
Trace|Image 26 offset is 21326...
Debug|Encoding image 26...
Trace|Extracting palette...
Trace|Palette item 0: R 00, G 00, B 00, Transaparent color
Trace|Palette item 1: R FF, G FF, B FF
Trace|Writing image header...
Trace|Width: 30, Height: 15, RowLength: 4
Trace|BPP: 1, PaletteColors: 2, Transaparency: 1
Trace|Writing palette...
Trace|Writing image...
Trace|Image 27 offset is 21410...
Debug|Encoding image 27...
Trace|Extracting palette...
Trace|Palette item 0: R 00, G 00, B 00, Transaparent color
Trace|Palette item 1: R FF, G FF, B FF
Trace|Writing image header...
Trace|Width: 30, Height: 15, RowLength: 4
Trace|BPP: 1, PaletteColors: 2, Transaparency: 1
Trace|Writing palette...
Trace|Writing image...
Trace|Image 28 offset is 21494...
Debug|Encoding image 28...
Trace|Extracting palette...
Trace|Palette item 0: R FF, G 00, B 00
Trace|Writing image header...
Trace|Width: 11, Height: 15, RowLength: 2
Trace|BPP: 1, PaletteColors: 1, Transaparency: 0
Trace|Writing palette...
Trace|Writing image...
Trace|Image 29 offset is 21544...
Debug|Encoding image 29...
Trace|Extracting palette...
Trace|Palette item 0: R FF, G 00, B 00
Trace|Writing image header...
Trace|Width: 23, Height: 15, RowLength: 3
Trace|BPP: 1, PaletteColors: 1, Transaparency: 0
Trace|Writing palette...
Trace|Writing image...
Trace|Image 30 offset is 21609...
Debug|Encoding image 30...
Trace|Extracting palette...
Trace|Palette item 0: R FF, G 00, B 00
Trace|Writing image header...
Trace|Width: 34, Height: 15, RowLength: 5
Trace|BPP: 1, PaletteColors: 1, Transaparency: 0
Trace|Writing palette...
Trace|Writing image...
Trace|Image 31 offset is 21704...
Debug|Encoding image 31...
Trace|Extracting palette...
Trace|Palette item 0: R FF, G FF, B 00
Trace|Writing image header...
Trace|Width: 46, Height: 15, RowLength: 6
Trace|BPP: 1, PaletteColors: 1, Transaparency: 0
Trace|Writing palette...
Trace|Writing image...
Trace|Image 32 offset is 21814...
Debug|Encoding image 32...
Trace|Extracting palette...
Trace|Palette item 0: R FF, G FF, B 00
Trace|Writing image header...
Trace|Width: 57, Height: 15, RowLength: 8
Trace|BPP: 1, PaletteColors: 1, Transaparency: 0
Trace|Writing palette...
Trace|Writing image...
Trace|Image 33 offset is 21954...
Debug|Encoding image 33...
Trace|Extracting palette...
Trace|Palette item 0: R FF, G FF, B 00
Trace|Writing image header...
Trace|Width: 69, Height: 15, RowLength: 9
Trace|BPP: 1, PaletteColors: 1, Transaparency: 0
Trace|Writing palette...
Trace|Writing image...
Trace|Image 34 offset is 22109...
Debug|Encoding image 34...
Trace|Extracting palette...
Trace|Palette item 0: R 00, G FF, B 00
Trace|Writing image header...
Trace|Width: 80, Height: 15, RowLength: 10
Trace|BPP: 1, PaletteColors: 1, Transaparency: 0
Trace|Writing palette...
Trace|Writing image...
Trace|Image 35 offset is 22279...
Debug|Encoding image 35...
Trace|Extracting palette...
Trace|Palette item 0: R 00, G FF, B 00
Trace|Writing image header...
Trace|Width: 92, Height: 15, RowLength: 12
Trace|BPP: 1, PaletteColors: 1, Transaparency: 0
Trace|Writing palette...
Trace|Writing image...
Trace|Image 36 offset is 22479...
Debug|Encoding image 36...
Trace|Extracting palette...
Trace|Palette item 0: R 00, G FF, B 00
Trace|Writing image header...
Trace|Width: 103, Height: 15, RowLength: 13
Trace|BPP: 1, PaletteColors: 1, Transaparency: 0
Trace|Writing palette...
Trace|Writing image...
Trace|Image 37 offset is 22694...
Debug|Encoding image 37...
Trace|Extracting palette...
Trace|Palette item 0: R 00, G FF, B 00
Trace|Writing image header...
Trace|Width: 115, Height: 15, RowLength: 15
Trace|BPP: 1, PaletteColors: 1, Transaparency: 0
Trace|Writing palette...
Trace|Writing image...
Trace|Writing images offsets table
Debug|Writing images
